<?xml version="1.0" encoding="UTF-8"?>
<coverage generated="1673830266145" clover="3.2.0">
  <project timestamp="1673830266145" name="All files">
    <metrics statements="497" coveredstatements="338" conditionals="298" coveredconditionals="160" methods="82" coveredmethods="52" elements="877" coveredelements="550" complexity="0" loc="497" ncloc="497" packages="2" files="9" classes="9"/>
    <package name="classes">
      <metrics statements="181" coveredstatements="118" conditionals="111" coveredconditionals="63" methods="24" coveredmethods="17"/>
      <file name="Game.ts" path="/home/alex/the_odin_project/chess/api/src/classes/Game.ts">
        <metrics statements="117" coveredstatements="70" conditionals="62" coveredconditionals="31" methods="8" coveredmethods="5"/>
        <line num="11" count="1" type="stmt"/>
        <line num="12" count="1" type="stmt"/>
        <line num="13" count="1" type="stmt"/>
        <line num="14" count="1" type="stmt"/>
        <line num="15" count="1" type="stmt"/>
        <line num="16" count="1" type="stmt"/>
        <line num="24" count="1" type="stmt"/>
        <line num="36" count="4" type="cond" truecount="0" falsecount="1"/>
        <line num="37" count="0" type="stmt"/>
        <line num="39" count="4" type="stmt"/>
        <line num="41" count="4" type="stmt"/>
        <line num="43" count="4" type="stmt"/>
        <line num="44" count="4" type="stmt"/>
        <line num="45" count="4" type="cond" truecount="1" falsecount="1"/>
        <line num="46" count="4" type="stmt"/>
        <line num="47" count="4" type="stmt"/>
        <line num="48" count="4" type="stmt"/>
        <line num="53" count="24" type="cond" truecount="0" falsecount="1"/>
        <line num="54" count="24" type="stmt"/>
        <line num="59" count="24" type="stmt"/>
        <line num="62" count="4" type="cond" truecount="1" falsecount="0"/>
        <line num="63" count="26" type="cond" truecount="1" falsecount="1"/>
        <line num="64" count="26" type="stmt"/>
        <line num="67" count="26" type="stmt"/>
        <line num="68" count="26" type="cond" truecount="0" falsecount="1"/>
        <line num="69" count="26" type="stmt"/>
        <line num="70" count="26" type="cond" truecount="2" falsecount="0"/>
        <line num="71" count="2" type="stmt"/>
        <line num="79" count="24" type="stmt"/>
        <line num="93" count="4" type="stmt"/>
        <line num="98" count="26" type="stmt"/>
        <line num="99" count="26" type="stmt"/>
        <line num="101" count="26" type="stmt"/>
        <line num="102" count="26" type="cond" truecount="0" falsecount="1"/>
        <line num="103" count="26" type="cond" truecount="0" falsecount="1"/>
        <line num="104" count="26" type="cond" truecount="3" falsecount="1"/>
        <line num="105" count="26" type="cond" truecount="0" falsecount="1"/>
        <line num="108" count="26" type="stmt"/>
        <line num="115" count="26" type="cond" truecount="4" falsecount="0"/>
        <line num="116" count="11" type="stmt"/>
        <line num="118" count="26" type="cond" truecount="4" falsecount="0"/>
        <line num="121" count="2" type="stmt"/>
        <line num="127" count="2" type="stmt"/>
        <line num="128" count="2" type="cond" truecount="1" falsecount="0"/>
        <line num="129" count="1" type="stmt"/>
        <line num="130" count="1" type="stmt"/>
        <line num="133" count="2" type="cond" truecount="1" falsecount="0"/>
        <line num="134" count="1" type="stmt"/>
        <line num="135" count="1" type="stmt"/>
        <line num="138" count="2" type="cond" truecount="2" falsecount="1"/>
        <line num="139" count="2" type="stmt"/>
        <line num="143" count="5" type="stmt"/>
        <line num="144" count="5" type="stmt"/>
        <line num="146" count="5" type="cond" truecount="2" falsecount="0"/>
        <line num="148" count="5" type="stmt"/>
        <line num="149" count="5" type="stmt"/>
        <line num="150" count="5" type="stmt"/>
        <line num="154" count="9" type="cond" truecount="2" falsecount="0"/>
        <line num="156" count="9" type="cond" truecount="0" falsecount="1"/>
        <line num="157" count="0" type="stmt"/>
        <line num="158" count="0" type="stmt"/>
        <line num="159" count="0" type="stmt"/>
        <line num="162" count="9" type="cond" truecount="2" falsecount="0"/>
        <line num="163" count="4" type="stmt"/>
        <line num="164" count="5" type="stmt"/>
        <line num="166" count="9" type="stmt"/>
        <line num="167" count="9" type="cond" truecount="1" falsecount="1"/>
        <line num="168" count="0" type="cond" truecount="0" falsecount="1"/>
        <line num="169" count="0" type="stmt"/>
        <line num="170" count="0" type="stmt"/>
        <line num="173" count="0" type="stmt"/>
        <line num="177" count="10" type="stmt"/>
        <line num="178" count="10" type="stmt"/>
        <line num="182" count="26" type="cond" truecount="1" falsecount="0"/>
        <line num="183" count="26" type="stmt"/>
        <line num="184" count="26" type="stmt"/>
        <line num="186" count="26" type="stmt"/>
        <line num="190" count="0" type="stmt"/>
        <line num="198" count="0" type="stmt"/>
        <line num="201" count="4" type="stmt"/>
        <line num="202" count="0" type="stmt"/>
        <line num="209" count="0" type="stmt"/>
        <line num="210" count="0" type="cond" truecount="0" falsecount="4"/>
        <line num="211" count="0" type="stmt"/>
        <line num="212" count="0" type="stmt"/>
        <line num="213" count="0" type="cond" truecount="0" falsecount="1"/>
        <line num="214" count="0" type="stmt"/>
        <line num="215" count="0" type="stmt"/>
        <line num="219" count="0" type="cond" truecount="0" falsecount="1"/>
        <line num="220" count="0" type="stmt"/>
        <line num="221" count="0" type="stmt"/>
        <line num="223" count="0" type="cond" truecount="0" falsecount="1"/>
        <line num="226" count="0" type="stmt"/>
        <line num="227" count="0" type="stmt"/>
        <line num="228" count="0" type="stmt"/>
        <line num="229" count="0" type="cond" truecount="0" falsecount="1"/>
        <line num="230" count="0" type="stmt"/>
        <line num="233" count="0" type="stmt"/>
        <line num="234" count="0" type="stmt"/>
        <line num="235" count="0" type="stmt"/>
        <line num="237" count="0" type="cond" truecount="0" falsecount="2"/>
        <line num="238" count="0" type="stmt"/>
        <line num="240" count="0" type="cond" truecount="0" falsecount="1"/>
        <line num="241" count="0" type="stmt"/>
        <line num="242" count="0" type="stmt"/>
        <line num="244" count="0" type="cond" truecount="0" falsecount="1"/>
        <line num="245" count="0" type="stmt"/>
        <line num="251" count="0" type="stmt"/>
        <line num="254" count="0" type="stmt"/>
        <line num="260" count="0" type="stmt"/>
        <line num="267" count="0" type="cond" truecount="0" falsecount="1"/>
        <line num="271" count="0" type="stmt"/>
        <line num="273" count="0" type="cond" truecount="0" falsecount="1"/>
        <line num="277" count="0" type="stmt"/>
        <line num="278" count="0" type="stmt"/>
        <line num="281" count="0" type="stmt"/>
        <line num="285" count="0" type="stmt"/>
      </file>
      <file name="Gameboard.ts" path="/home/alex/the_odin_project/chess/api/src/classes/Gameboard.ts">
        <metrics statements="64" coveredstatements="48" conditionals="49" coveredconditionals="32" methods="16" coveredmethods="12"/>
        <line num="1" count="1" type="stmt"/>
        <line num="13" count="1" type="stmt"/>
        <line num="14" count="1" type="stmt"/>
        <line num="15" count="1" type="stmt"/>
        <line num="17" count="1" type="stmt"/>
        <line num="24" count="4" type="cond" truecount="2" falsecount="0"/>
        <line num="25" count="4" type="cond" truecount="1" falsecount="1"/>
        <line num="27" count="4" type="stmt"/>
        <line num="30" count="4" type="stmt"/>
        <line num="35" count="128" type="cond" truecount="2" falsecount="0"/>
        <line num="36" count="88" type="cond" truecount="3" falsecount="1"/>
        <line num="37" count="88" type="cond" truecount="3" falsecount="1"/>
        <line num="38" count="40" type="stmt"/>
        <line num="41" count="4" type="stmt"/>
        <line num="47" count="28" type="stmt"/>
        <line num="48" count="28" type="cond" truecount="1" falsecount="0"/>
        <line num="49" count="28" type="stmt"/>
        <line num="50" count="106" type="cond" truecount="1" falsecount="0"/>
        <line num="51" count="28" type="stmt"/>
        <line num="55" count="4" type="stmt"/>
        <line num="60" count="4" type="stmt"/>
        <line num="61" count="4" type="cond" truecount="1" falsecount="0"/>
        <line num="62" count="4" type="stmt"/>
        <line num="63" count="20" type="stmt"/>
        <line num="66" count="4" type="cond" truecount="3" falsecount="2"/>
        <line num="67" count="0" type="stmt"/>
        <line num="71" count="26" type="cond" truecount="1" falsecount="1"/>
        <line num="72" count="26" type="stmt"/>
        <line num="74" count="26" type="stmt"/>
        <line num="77" count="0" type="stmt"/>
        <line num="78" count="0" type="stmt"/>
        <line num="82" count="0" type="stmt"/>
        <line num="83" count="0" type="cond" truecount="0" falsecount="1"/>
        <line num="84" count="0" type="stmt"/>
        <line num="89" count="0" type="stmt"/>
        <line num="93" count="0" type="stmt"/>
        <line num="94" count="0" type="cond" truecount="0" falsecount="1"/>
        <line num="95" count="0" type="stmt"/>
        <line num="96" count="0" type="stmt"/>
        <line num="97" count="0" type="stmt"/>
        <line num="102" count="4" type="cond" truecount="1" falsecount="0"/>
        <line num="104" count="28" type="cond" truecount="1" falsecount="1"/>
        <line num="106" count="28" type="stmt"/>
        <line num="109" count="28" type="cond" truecount="1" falsecount="1"/>
        <line num="111" count="28" type="cond" truecount="0" falsecount="1"/>
        <line num="113" count="28" type="stmt"/>
        <line num="114" count="28" type="cond" truecount="0" falsecount="1"/>
        <line num="115" count="28" type="stmt"/>
        <line num="116" count="28" type="cond" truecount="1" falsecount="0"/>
        <line num="117" count="4" type="stmt"/>
        <line num="122" count="28" type="stmt"/>
        <line num="123" count="28" type="stmt"/>
        <line num="125" count="28" type="stmt"/>
        <line num="135" count="4" type="cond" truecount="1" falsecount="0"/>
        <line num="136" count="2" type="stmt"/>
        <line num="137" count="2" type="cond" truecount="3" falsecount="1"/>
        <line num="138" count="3" type="cond" truecount="2" falsecount="0"/>
        <line num="140" count="2" type="cond" truecount="0" falsecount="1"/>
        <line num="141" count="2" type="stmt"/>
        <line num="144" count="2" type="stmt"/>
        <line num="150" count="0" type="stmt"/>
        <line num="151" count="0" type="stmt"/>
        <line num="152" count="0" type="cond" truecount="0" falsecount="2"/>
        <line num="153" count="0" type="stmt"/>
      </file>
    </package>
    <package name="utils">
      <metrics statements="316" coveredstatements="220" conditionals="187" coveredconditionals="97" methods="58" coveredmethods="35"/>
      <file name="board.ts" path="/home/alex/the_odin_project/chess/api/src/utils/board.ts">
        <metrics statements="16" coveredstatements="6" conditionals="1" coveredconditionals="1" methods="3" coveredmethods="2"/>
        <line num="2" count="1" type="stmt"/>
        <line num="3" count="1" type="stmt"/>
        <line num="4" count="8" type="stmt"/>
        <line num="7" count="960" type="cond" truecount="1" falsecount="0"/>
        <line num="8" count="448" type="stmt"/>
        <line num="12" count="1" type="stmt"/>
        <line num="13" count="0" type="stmt"/>
        <line num="14" count="0" type="stmt"/>
        <line num="16" count="0" type="stmt"/>
        <line num="18" count="0" type="stmt"/>
        <line num="21" count="0" type="stmt"/>
        <line num="22" count="0" type="stmt"/>
        <line num="23" count="0" type="stmt"/>
        <line num="25" count="0" type="stmt"/>
        <line num="30" count="0" type="stmt"/>
        <line num="33" count="0" type="stmt"/>
      </file>
      <file name="constants.ts" path="/home/alex/the_odin_project/chess/api/src/utils/constants.ts">
        <metrics statements="14" coveredstatements="14" conditionals="0" coveredconditionals="0" methods="0" coveredmethods="0"/>
        <line num="3" count="1" type="stmt"/>
        <line num="5" count="1" type="stmt"/>
        <line num="7" count="1" type="stmt"/>
        <line num="9" count="1" type="stmt"/>
        <line num="11" count="1" type="stmt"/>
        <line num="13" count="1" type="stmt"/>
        <line num="15" count="1" type="stmt"/>
        <line num="23" count="1" type="stmt"/>
        <line num="25" count="1" type="stmt"/>
        <line num="36" count="1" type="stmt"/>
        <line num="43" count="1" type="stmt"/>
        <line num="50" count="1" type="stmt"/>
        <line num="52" count="1" type="stmt"/>
        <line num="57" count="1" type="stmt"/>
      </file>
      <file name="fen.ts" path="/home/alex/the_odin_project/chess/api/src/utils/fen.ts">
        <metrics statements="56" coveredstatements="32" conditionals="30" coveredconditionals="10" methods="5" coveredmethods="2"/>
        <line num="11" count="1" type="stmt"/>
        <line num="12" count="1" type="stmt"/>
        <line num="13" count="1" type="stmt"/>
        <line num="15" count="1" type="stmt"/>
        <line num="17" count="1" type="stmt"/>
        <line num="18" count="0" type="cond" truecount="0" falsecount="1"/>
        <line num="19" count="0" type="stmt"/>
        <line num="21" count="0" type="stmt"/>
        <line num="24" count="1" type="stmt"/>
        <line num="32" count="4" type="stmt"/>
        <line num="33" count="4" type="stmt"/>
        <line num="39" count="4" type="stmt"/>
        <line num="40" count="4" type="stmt"/>
        <line num="41" count="4" type="stmt"/>
        <line num="42" count="4" type="stmt"/>
        <line num="43" count="144" type="stmt"/>
        <line num="44" count="144" type="cond" truecount="0" falsecount="1"/>
        <line num="46" count="144" type="cond" truecount="1" falsecount="0"/>
        <line num="47" count="16" type="stmt"/>
        <line num="48" count="128" type="stmt"/>
        <line num="49" count="128" type="stmt"/>
        <line num="51" count="16" type="stmt"/>
        <line num="55" count="128" type="stmt"/>
        <line num="57" count="128" type="cond" truecount="2" falsecount="0"/>
        <line num="62" count="128" type="stmt"/>
        <line num="63" count="128" type="cond" truecount="2" falsecount="0"/>
        <line num="65" count="128" type="stmt"/>
        <line num="68" count="4" type="stmt"/>
        <line num="69" count="8" type="cond" truecount="2" falsecount="0"/>
        <line num="70" count="8" type="cond" truecount="2" falsecount="0"/>
        <line num="72" count="8" type="stmt"/>
        <line num="76" count="8" type="stmt"/>
        <line num="79" count="4" type="stmt"/>
        <line num="89" count="1" type="stmt"/>
        <line num="90" count="0" type="stmt"/>
        <line num="96" count="0" type="stmt"/>
        <line num="97" count="0" type="stmt"/>
        <line num="98" count="0" type="stmt"/>
        <line num="99" count="0" type="stmt"/>
        <line num="100" count="0" type="cond" truecount="0" falsecount="2"/>
        <line num="104" count="0" type="cond" truecount="0" falsecount="2"/>
        <line num="106" count="0" type="stmt"/>
        <line num="110" count="0" type="stmt"/>
        <line num="113" count="0" type="stmt"/>
        <line num="114" count="0" type="cond" truecount="0" falsecount="2"/>
        <line num="117" count="0" type="stmt"/>
        <line num="118" count="0" type="cond" truecount="0" falsecount="1"/>
        <line num="120" count="0" type="stmt"/>
        <line num="123" count="1" type="stmt"/>
        <line num="124" count="0" type="stmt"/>
        <line num="126" count="0" type="stmt"/>
        <line num="128" count="0" type="cond" truecount="0" falsecount="2"/>
        <line num="132" count="0" type="stmt"/>
        <line num="134" count="0" type="cond" truecount="0" falsecount="2"/>
        <line num="138" count="0" type="stmt"/>
        <line num="140" count="0" type="stmt"/>
      </file>
      <file name="getMoves.ts" path="/home/alex/the_odin_project/chess/api/src/utils/getMoves.ts">
        <metrics statements="151" coveredstatements="121" conditionals="114" coveredconditionals="81" methods="31" coveredmethods="22"/>
        <line num="16" count="1" type="stmt"/>
        <line num="27" count="1" type="stmt"/>
        <line num="36" count="393" type="stmt"/>
        <line num="37" count="393" type="stmt"/>
        <line num="38" count="567" type="cond" truecount="1" falsecount="0"/>
        <line num="39" count="419" type="stmt"/>
        <line num="40" count="419" type="stmt"/>
        <line num="42" count="195" type="stmt"/>
        <line num="45" count="419" type="cond" truecount="1" falsecount="0"/>
        <line num="47" count="224" type="stmt"/>
        <line num="48" count="224" type="stmt"/>
        <line num="69" count="57" type="stmt"/>
        <line num="71" count="57" type="stmt"/>
        <line num="72" count="181" type="stmt"/>
        <line num="73" count="210" type="stmt"/>
        <line num="74" count="210" type="cond" truecount="2" falsecount="0"/>
        <line num="75" count="141" type="stmt"/>
        <line num="76" count="69" type="cond" truecount="2" falsecount="0"/>
        <line num="81" count="37" type="stmt"/>
        <line num="82" count="37" type="stmt"/>
        <line num="85" count="32" type="stmt"/>
        <line num="90" count="57" type="stmt"/>
        <line num="93" count="1" type="stmt"/>
        <line num="102" count="0" type="stmt"/>
        <line num="103" count="0" type="cond" truecount="0" falsecount="2"/>
        <line num="106" count="31" type="cond" truecount="5" falsecount="1"/>
        <line num="108" count="7" type="cond" truecount="0" falsecount="1"/>
        <line num="110" count="7" type="stmt"/>
        <line num="111" count="56" type="stmt"/>
        <line num="112" count="56" type="cond" truecount="1" falsecount="0"/>
        <line num="114" count="31" type="stmt"/>
        <line num="115" count="31" type="cond" truecount="5" falsecount="0"/>
        <line num="116" count="28" type="stmt"/>
        <line num="117" count="31" type="stmt"/>
        <line num="122" count="8" type="stmt"/>
        <line num="134" count="9" type="stmt"/>
        <line num="144" count="3" type="stmt"/>
        <line num="156" count="4" type="stmt"/>
        <line num="166" count="0" type="stmt"/>
        <line num="170" count="1" type="stmt"/>
        <line num="177" count="9" type="stmt"/>
        <line num="179" count="9" type="cond" truecount="4" falsecount="0"/>
        <line num="180" count="9" type="cond" truecount="2" falsecount="0"/>
        <line num="182" count="9" type="stmt"/>
        <line num="194" count="9" type="stmt"/>
        <line num="198" count="9" type="stmt"/>
        <line num="203" count="0" type="cond" truecount="0" falsecount="2"/>
        <line num="207" count="16" type="stmt"/>
        <line num="208" count="16" type="stmt"/>
        <line num="215" count="9" type="stmt"/>
        <line num="218" count="1" type="stmt"/>
        <line num="223" count="24" type="stmt"/>
        <line num="224" count="24" type="stmt"/>
        <line num="225" count="192" type="stmt"/>
        <line num="226" count="192" type="stmt"/>
        <line num="227" count="192" type="cond" truecount="0" falsecount="1"/>
        <line num="230" count="24" type="stmt"/>
        <line num="231" count="96" type="stmt"/>
        <line num="237" count="113" type="stmt"/>
        <line num="238" count="113" type="cond" truecount="3" falsecount="1"/>
        <line num="239" count="0" type="stmt"/>
        <line num="240" count="0" type="stmt"/>
        <line num="241" count="113" type="cond" truecount="1" falsecount="0"/>
        <line num="246" count="24" type="stmt"/>
        <line num="247" count="96" type="stmt"/>
        <line num="253" count="78" type="stmt"/>
        <line num="255" count="78" type="cond" truecount="1" falsecount="1"/>
        <line num="266" count="0" type="stmt"/>
        <line num="267" count="0" type="stmt"/>
        <line num="268" count="78" type="cond" truecount="1" falsecount="0"/>
        <line num="273" count="24" type="stmt"/>
        <line num="281" count="15" type="cond" truecount="2" falsecount="0"/>
        <line num="282" count="15" type="stmt"/>
        <line num="297" count="2" type="stmt"/>
        <line num="298" count="2" type="stmt"/>
        <line num="299" count="12" type="stmt"/>
        <line num="300" count="12" type="stmt"/>
        <line num="302" count="29" type="cond" truecount="2" falsecount="0"/>
        <line num="313" count="108" type="stmt"/>
        <line num="317" count="2" type="stmt"/>
        <line num="320" count="1" type="stmt"/>
        <line num="328" count="2" type="stmt"/>
        <line num="329" count="2" type="stmt"/>
        <line num="331" count="2" type="stmt"/>
        <line num="332" count="2" type="stmt"/>
        <line num="338" count="2" type="cond" truecount="1" falsecount="0"/>
        <line num="339" count="2" type="stmt"/>
        <line num="344" count="2" type="stmt"/>
        <line num="345" count="4" type="cond" truecount="0" falsecount="1"/>
        <line num="347" count="4" type="cond" truecount="1" falsecount="0"/>
        <line num="350" count="7" type="cond" truecount="1" falsecount="0"/>
        <line num="351" count="6" type="stmt"/>
        <line num="354" count="1" type="stmt"/>
        <line num="356" count="3" type="stmt"/>
        <line num="360" count="7" type="stmt"/>
        <line num="367" count="24" type="stmt"/>
        <line num="368" count="24" type="stmt"/>
        <line num="369" count="24" type="cond" truecount="2" falsecount="1"/>
        <line num="371" count="24" type="cond" truecount="1" falsecount="0"/>
        <line num="373" count="5" type="cond" truecount="2" falsecount="0"/>
        <line num="376" count="19" type="cond" truecount="1" falsecount="0"/>
        <line num="377" count="12" type="cond" truecount="2" falsecount="0"/>
        <line num="381" count="7" type="stmt"/>
        <line num="384" count="7" type="stmt"/>
        <line num="386" count="7" type="cond" truecount="1" falsecount="0"/>
        <line num="388" count="3" type="stmt"/>
        <line num="389" count="3" type="cond" truecount="2" falsecount="0"/>
        <line num="390" count="2" type="stmt"/>
        <line num="391" count="3" type="cond" truecount="1" falsecount="1"/>
        <line num="392" count="3" type="stmt"/>
        <line num="394" count="3" type="stmt"/>
        <line num="403" count="0" type="stmt"/>
        <line num="404" count="0" type="stmt"/>
        <line num="405" count="0" type="stmt"/>
        <line num="406" count="0" type="cond" truecount="0" falsecount="2"/>
        <line num="408" count="0" type="stmt"/>
        <line num="416" count="0" type="stmt"/>
        <line num="417" count="0" type="cond" truecount="0" falsecount="1"/>
        <line num="419" count="0" type="stmt"/>
        <line num="421" count="0" type="cond" truecount="0" falsecount="1"/>
        <line num="432" count="24" type="stmt"/>
        <line num="433" count="24" type="cond" truecount="1" falsecount="0"/>
        <line num="435" count="20" type="stmt"/>
        <line num="436" count="20" type="cond" truecount="2" falsecount="0"/>
        <line num="438" count="20" type="stmt"/>
        <line num="439" count="20" type="stmt"/>
        <line num="440" count="20" type="stmt"/>
        <line num="446" count="18" type="cond" truecount="1" falsecount="1"/>
        <line num="450" count="0" type="stmt"/>
        <line num="451" count="0" type="stmt"/>
        <line num="452" count="18" type="stmt"/>
        <line num="456" count="20" type="cond" truecount="1" falsecount="1"/>
        <line num="459" count="1" type="stmt"/>
        <line num="468" count="24" type="cond" truecount="0" falsecount="1"/>
        <line num="470" count="24" type="cond" truecount="2" falsecount="0"/>
        <line num="471" count="24" type="stmt"/>
        <line num="473" count="24" type="cond" truecount="2" falsecount="0"/>
        <line num="477" count="24" type="cond" truecount="1" falsecount="0"/>
        <line num="480" count="0" type="stmt"/>
        <line num="486" count="0" type="stmt"/>
        <line num="487" count="0" type="stmt"/>
        <line num="490" count="1" type="stmt"/>
        <line num="498" count="0" type="stmt"/>
        <line num="499" count="0" type="stmt"/>
        <line num="500" count="0" type="stmt"/>
        <line num="501" count="0" type="stmt"/>
        <line num="502" count="0" type="stmt"/>
        <line num="504" count="0" type="cond" truecount="0" falsecount="2"/>
        <line num="522" count="0" type="stmt"/>
        <line num="525" count="0" type="stmt"/>
        <line num="528" count="1" type="stmt"/>
      </file>
      <file name="pieceMap.ts" path="/home/alex/the_odin_project/chess/api/src/utils/pieceMap.ts">
        <metrics statements="29" coveredstatements="6" conditionals="21" coveredconditionals="0" methods="8" coveredmethods="1"/>
        <line num="10" count="1" type="stmt"/>
        <line num="11" count="4" type="stmt"/>
        <line num="14" count="1" type="stmt"/>
        <line num="15" count="0" type="stmt"/>
        <line num="16" count="0" type="cond" truecount="0" falsecount="1"/>
        <line num="18" count="0" type="stmt"/>
        <line num="19" count="0" type="cond" truecount="0" falsecount="2"/>
        <line num="20" count="0" type="stmt"/>
        <line num="21" count="0" type="stmt"/>
        <line num="22" count="0" type="stmt"/>
        <line num="24" count="0" type="stmt"/>
        <line num="28" count="1" type="stmt"/>
        <line num="33" count="0" type="cond" truecount="0" falsecount="2"/>
        <line num="34" count="0" type="cond" truecount="0" falsecount="4"/>
        <line num="35" count="0" type="cond" truecount="0" falsecount="4"/>
        <line num="36" count="0" type="stmt"/>
        <line num="39" count="1" type="stmt"/>
        <line num="45" count="0" type="stmt"/>
        <line num="46" count="0" type="cond" truecount="0" falsecount="1"/>
        <line num="47" count="0" type="stmt"/>
        <line num="49" count="0" type="cond" truecount="0" falsecount="1"/>
        <line num="50" count="0" type="stmt"/>
        <line num="55" count="1" type="stmt"/>
        <line num="60" count="0" type="stmt"/>
        <line num="61" count="0" type="cond" truecount="0" falsecount="1"/>
        <line num="62" count="0" type="stmt"/>
        <line num="63" count="0" type="stmt"/>
        <line num="66" count="0" type="cond" truecount="0" falsecount="5"/>
        <line num="67" count="0" type="stmt"/>
      </file>
      <file name="square.ts" path="/home/alex/the_odin_project/chess/api/src/utils/square.ts">
        <metrics statements="8" coveredstatements="8" conditionals="0" coveredconditionals="0" methods="2" coveredmethods="2"/>
        <line num="2" count="1" type="stmt"/>
        <line num="4" count="1" type="stmt"/>
        <line num="5" count="53" type="stmt"/>
        <line num="10" count="1" type="stmt"/>
        <line num="11" count="48" type="stmt"/>
        <line num="12" count="48" type="stmt"/>
        <line num="13" count="48" type="stmt"/>
        <line num="17" count="48" type="stmt"/>
      </file>
      <file name="typeCheck.ts" path="/home/alex/the_odin_project/chess/api/src/utils/typeCheck.ts">
        <metrics statements="42" coveredstatements="33" conditionals="21" coveredconditionals="5" methods="9" coveredmethods="6"/>
        <line num="9" count="1" type="stmt"/>
        <line num="17" count="1" type="stmt"/>
        <line num="18" count="0" type="cond" truecount="0" falsecount="2"/>
        <line num="21" count="1" type="stmt"/>
        <line num="22" count="0" type="stmt"/>
        <line num="25" count="1" type="stmt"/>
        <line num="26" count="8" type="cond" truecount="1" falsecount="0"/>
        <line num="27" count="4" type="cond" truecount="1" falsecount="0"/>
        <line num="28" count="0" type="cond" truecount="0" falsecount="1"/>
        <line num="29" count="0" type="cond" truecount="0" falsecount="1"/>
        <line num="30" count="0" type="cond" truecount="0" falsecount="1"/>
        <line num="31" count="0" type="cond" truecount="0" falsecount="1"/>
        <line num="32" count="0" type="stmt"/>
        <line num="35" count="1" type="stmt"/>
        <line num="36" count="4" type="stmt"/>
        <line num="40" count="4" type="stmt"/>
        <line num="42" count="4" type="stmt"/>
        <line num="43" count="4" type="stmt"/>
        <line num="44" count="16" type="cond" truecount="0" falsecount="1"/>
        <line num="45" count="16" type="cond" truecount="0" falsecount="1"/>
        <line num="48" count="4" type="stmt"/>
        <line num="51" count="1" type="stmt"/>
        <line num="52" count="128" type="cond" truecount="0" falsecount="1"/>
        <line num="53" count="128" type="stmt"/>
        <line num="56" count="1" type="stmt"/>
        <line num="57" count="4" type="stmt"/>
        <line num="58" count="4" type="stmt"/>
        <line num="59" count="4" type="stmt"/>
        <line num="60" count="4" type="cond" truecount="0" falsecount="1"/>
        <line num="62" count="4" type="cond" truecount="0" falsecount="1"/>
        <line num="65" count="32" type="stmt"/>
        <line num="66" count="32" type="stmt"/>
        <line num="67" count="144" type="cond" truecount="2" falsecount="0"/>
        <line num="68" count="128" type="cond" truecount="1" falsecount="1"/>
        <line num="69" count="0" type="stmt"/>
        <line num="72" count="32" type="stmt"/>
        <line num="75" count="0" type="stmt"/>
        <line num="78" count="4" type="cond" truecount="0" falsecount="1"/>
        <line num="79" count="4" type="cond" truecount="0" falsecount="1"/>
        <line num="80" count="4" type="cond" truecount="0" falsecount="1"/>
        <line num="81" count="4" type="cond" truecount="0" falsecount="1"/>
        <line num="83" count="4" type="stmt"/>
      </file>
    </package>
  </project>
</coverage>
