{"/home/alex/the_odin_project/chess/api/src/classes/Game.ts": {"path":"/home/alex/the_odin_project/chess/api/src/classes/Game.ts","statementMap":{"0":{"start":{"line":11,"column":0},"end":{"line":11,"column":53}},"1":{"start":{"line":12,"column":0},"end":{"line":12,"column":56}},"2":{"start":{"line":13,"column":0},"end":{"line":13,"column":36}},"3":{"start":{"line":14,"column":0},"end":{"line":14,"column":56}},"4":{"start":{"line":15,"column":0},"end":{"line":15,"column":60}},"5":{"start":{"line":16,"column":0},"end":{"line":16,"column":null}},"6":{"start":{"line":36,"column":4},"end":{"line":37,"column":63}},"7":{"start":{"line":37,"column":6},"end":{"line":37,"column":63}},"8":{"start":{"line":39,"column":4},"end":{"line":39,"column":12}},"9":{"start":{"line":62,"column":2},"end":{"line":91,"column":4}},"10":{"start":{"line":63,"column":27},"end":{"line":63,"column":76}},"11":{"start":{"line":64,"column":4},"end":{"line":89,"column":null}},"12":{"start":{"line":67,"column":22},"end":{"line":67,"column":32}},"13":{"start":{"line":68,"column":8},"end":{"line":68,"column":32}},"14":{"start":{"line":68,"column":20},"end":{"line":68,"column":32}},"15":{"start":{"line":69,"column":25},"end":{"line":69,"column":54}},"16":{"start":{"line":70,"column":8},"end":{"line":88,"column":null}},"17":{"start":{"line":71,"column":10},"end":{"line":77,"column":12}},"18":{"start":{"line":79,"column":10},"end":{"line":87,"column":12}},"19":{"start":{"line":93,"column":2},"end":{"line":187,"column":4}},"20":{"start":{"line":98,"column":20},"end":{"line":98,"column":44}},"21":{"start":{"line":99,"column":18},"end":{"line":99,"column":40}},"22":{"start":{"line":101,"column":18},"end":{"line":101,"column":37}},"23":{"start":{"line":102,"column":4},"end":{"line":102,"column":23}},"24":{"start":{"line":102,"column":16},"end":{"line":102,"column":23}},"25":{"start":{"line":103,"column":4},"end":{"line":103,"column":46}},"26":{"start":{"line":103,"column":39},"end":{"line":103,"column":46}},"27":{"start":{"line":104,"column":18},"end":{"line":104,"column":59}},"28":{"start":{"line":105,"column":4},"end":{"line":105,"column":23}},"29":{"start":{"line":105,"column":16},"end":{"line":105,"column":23}},"30":{"start":{"line":108,"column":24},"end":{"line":113,"column":30}},"31":{"start":{"line":115,"column":4},"end":{"line":116,"column":28}},"32":{"start":{"line":115,"column":48},"end":{"line":115,"column":65}},"33":{"start":{"line":116,"column":9},"end":{"line":116,"column":28}},"34":{"start":{"line":118,"column":4},"end":{"line":180,"column":null}},"35":{"start":{"line":121,"column":8},"end":{"line":124,"column":10}},"36":{"start":{"line":127,"column":25},"end":{"line":127,"column":40}},"37":{"start":{"line":128,"column":8},"end":{"line":131,"column":null}},"38":{"start":{"line":129,"column":10},"end":{"line":129,"column":45}},"39":{"start":{"line":130,"column":10},"end":{"line":130,"column":35}},"40":{"start":{"line":133,"column":8},"end":{"line":136,"column":null}},"41":{"start":{"line":134,"column":10},"end":{"line":134,"column":45}},"42":{"start":{"line":135,"column":10},"end":{"line":135,"column":35}},"43":{"start":{"line":138,"column":8},"end":{"line":138,"column":76}},"44":{"start":{"line":138,"column":47},"end":{"line":138,"column":76}},"45":{"start":{"line":139,"column":8},"end":{"line":139,"column":14}},"46":{"start":{"line":143,"column":24},"end":{"line":143,"column":60}},"47":{"start":{"line":144,"column":25},"end":{"line":144,"column":42}},"48":{"start":{"line":146,"column":8},"end":{"line":146,"column":74}},"49":{"start":{"line":148,"column":8},"end":{"line":148,"column":37}},"50":{"start":{"line":149,"column":8},"end":{"line":149,"column":30}},"51":{"start":{"line":150,"column":8},"end":{"line":150,"column":14}},"52":{"start":{"line":154,"column":24},"end":{"line":154,"column":64}},"53":{"start":{"line":156,"column":8},"end":{"line":160,"column":null}},"54":{"start":{"line":157,"column":30},"end":{"line":157,"column":54}},"55":{"start":{"line":158,"column":10},"end":{"line":158,"column":39}},"56":{"start":{"line":159,"column":10},"end":{"line":159,"column":37}},"57":{"start":{"line":162,"column":8},"end":{"line":164,"column":37}},"58":{"start":{"line":163,"column":10},"end":{"line":163,"column":67}},"59":{"start":{"line":164,"column":15},"end":{"line":164,"column":37}},"60":{"start":{"line":166,"column":8},"end":{"line":166,"column":37}},"61":{"start":{"line":167,"column":8},"end":{"line":171,"column":null}},"62":{"start":{"line":167,"column":22},"end":{"line":167,"column":28}},"63":{"start":{"line":168,"column":13},"end":{"line":171,"column":null}},"64":{"start":{"line":169,"column":10},"end":{"line":169,"column":42}},"65":{"start":{"line":170,"column":10},"end":{"line":170,"column":40}},"66":{"start":{"line":173,"column":8},"end":{"line":173,"column":14}},"67":{"start":{"line":177,"column":8},"end":{"line":177,"column":30}},"68":{"start":{"line":178,"column":8},"end":{"line":178,"column":37}},"69":{"start":{"line":182,"column":4},"end":{"line":182,"column":51}},"70":{"start":{"line":182,"column":34},"end":{"line":182,"column":51}},"71":{"start":{"line":183,"column":4},"end":{"line":183,"column":51}},"72":{"start":{"line":184,"column":4},"end":{"line":184,"column":24}},"73":{"start":{"line":186,"column":4},"end":{"line":186,"column":23}},"74":{"start":{"line":201,"column":2},"end":{"line":282,"column":4}},"75":{"start":{"line":202,"column":21},"end":{"line":206,"column":6}},"76":{"start":{"line":209,"column":25},"end":{"line":209,"column":46}},"77":{"start":{"line":210,"column":4},"end":{"line":216,"column":null}},"78":{"start":{"line":211,"column":6},"end":{"line":211,"column":32}},"79":{"start":{"line":212,"column":6},"end":{"line":212,"column":22}},"80":{"start":{"line":213,"column":11},"end":{"line":216,"column":null}},"81":{"start":{"line":214,"column":6},"end":{"line":214,"column":33}},"82":{"start":{"line":215,"column":6},"end":{"line":215,"column":22}},"83":{"start":{"line":219,"column":4},"end":{"line":222,"column":null}},"84":{"start":{"line":220,"column":6},"end":{"line":220,"column":33}},"85":{"start":{"line":221,"column":6},"end":{"line":221,"column":22}},"86":{"start":{"line":223,"column":4},"end":{"line":223,"column":59}},"87":{"start":{"line":223,"column":30},"end":{"line":223,"column":59}},"88":{"start":{"line":226,"column":4},"end":{"line":226,"column":37}},"89":{"start":{"line":227,"column":56},"end":{"line":227,"column":58}},"90":{"start":{"line":228,"column":4},"end":{"line":247,"column":null}},"91":{"start":{"line":228,"column":17},"end":{"line":228,"column":18}},"92":{"start":{"line":229,"column":6},"end":{"line":230,"column":74}},"93":{"start":{"line":230,"column":8},"end":{"line":230,"column":74}},"94":{"start":{"line":233,"column":25},"end":{"line":233,"column":46}},"95":{"start":{"line":234,"column":6},"end":{"line":234,"column":28}},"96":{"start":{"line":235,"column":21},"end":{"line":235,"column":41}},"97":{"start":{"line":237,"column":6},"end":{"line":238,"column":27}},"98":{"start":{"line":237,"column":23},"end":{"line":237,"column":37}},"99":{"start":{"line":238,"column":11},"end":{"line":238,"column":27}},"100":{"start":{"line":240,"column":6},"end":{"line":243,"column":null}},"101":{"start":{"line":241,"column":8},"end":{"line":241,"column":35}},"102":{"start":{"line":242,"column":8},"end":{"line":242,"column":24}},"103":{"start":{"line":244,"column":6},"end":{"line":246,"column":null}},"104":{"start":{"line":245,"column":8},"end":{"line":245,"column":37}},"105":{"start":{"line":251,"column":23},"end":{"line":253,"column":15}},"106":{"start":{"line":254,"column":26},"end":{"line":258,"column":15}},"107":{"start":{"line":260,"column":33},"end":{"line":263,"column":6}},"108":{"start":{"line":267,"column":4},"end":{"line":271,"column":22}},"109":{"start":{"line":271,"column":6},"end":{"line":271,"column":22}},"110":{"start":{"line":273,"column":4},"end":{"line":279,"column":null}},"111":{"start":{"line":277,"column":6},"end":{"line":277,"column":33}},"112":{"start":{"line":278,"column":6},"end":{"line":278,"column":22}},"113":{"start":{"line":281,"column":4},"end":{"line":281,"column":20}},"114":{"start":{"line":41,"column":6},"end":{"line":41,"column":59}},"115":{"start":{"line":43,"column":4},"end":{"line":43,"column":23}},"116":{"start":{"line":44,"column":4},"end":{"line":44,"column":37}},"117":{"start":{"line":45,"column":4},"end":{"line":45,"column":80}},"118":{"start":{"line":46,"column":4},"end":{"line":46,"column":39}},"119":{"start":{"line":47,"column":4},"end":{"line":47,"column":35}},"120":{"start":{"line":48,"column":4},"end":{"line":48,"column":24}},"121":{"start":{"line":53,"column":4},"end":{"line":53,"column":42}},"122":{"start":{"line":53,"column":22},"end":{"line":53,"column":42}},"123":{"start":{"line":54,"column":4},"end":{"line":58,"column":6}},"124":{"start":{"line":59,"column":4},"end":{"line":59,"column":24}},"125":{"start":{"line":190,"column":23},"end":{"line":196,"column":null}},"126":{"start":{"line":198,"column":4},"end":{"line":198,"column":39}},"127":{"start":{"line":285,"column":4},"end":{"line":285,"column":30}},"128":{"start":{"line":24,"column":0},"end":{"line":24,"column":21}}},"fnMap":{"0":{"name":"(anonymous_1)","decl":{"start":{"line":33,"column":2},"end":{"line":33,"column":null}},"loc":{"start":{"line":34,"column":76},"end":{"line":49,"column":3}}},"1":{"name":"(anonymous_2)","decl":{"start":{"line":62,"column":7},"end":{"line":62,"column":8}},"loc":{"start":{"line":62,"column":53},"end":{"line":91,"column":3}}},"2":{"name":"(anonymous_3)","decl":{"start":{"line":66,"column":13},"end":{"line":66,"column":16}},"loc":{"start":{"line":66,"column":18},"end":{"line":89,"column":7}}},"3":{"name":"(anonymous_4)","decl":{"start":{"line":93,"column":13},"end":{"line":93,"column":null}},"loc":{"start":{"line":97,"column":40},"end":{"line":187,"column":3}}},"4":{"name":"(anonymous_5)","decl":{"start":{"line":201,"column":15},"end":{"line":201,"column":16}},"loc":{"start":{"line":201,"column":37},"end":{"line":282,"column":3}}},"5":{"name":"(anonymous_6)","decl":{"start":{"line":51,"column":2},"end":{"line":51,"column":6}},"loc":{"start":{"line":51,"column":12},"end":{"line":60,"column":3}}},"6":{"name":"(anonymous_7)","decl":{"start":{"line":189,"column":10},"end":{"line":189,"column":24}},"loc":{"start":{"line":189,"column":24},"end":{"line":199,"column":3}}},"7":{"name":"(anonymous_8)","decl":{"start":{"line":284,"column":2},"end":{"line":284,"column":5}},"loc":{"start":{"line":284,"column":5},"end":{"line":286,"column":3}}}},"branchMap":{"0":{"loc":{"start":{"line":34,"column":4},"end":{"line":34,"column":76}},"type":"default-arg","locations":[{"start":{"line":34,"column":18},"end":{"line":34,"column":76}}]},"1":{"loc":{"start":{"line":36,"column":4},"end":{"line":37,"column":63}},"type":"if","locations":[{"start":{"line":36,"column":4},"end":{"line":37,"column":63}}]},"2":{"loc":{"start":{"line":62,"column":31},"end":{"line":62,"column":49}},"type":"default-arg","locations":[{"start":{"line":62,"column":39},"end":{"line":62,"column":49}}]},"3":{"loc":{"start":{"line":63,"column":27},"end":{"line":63,"column":76}},"type":"cond-expr","locations":[{"start":{"line":63,"column":51},"end":{"line":63,"column":72}},{"start":{"line":63,"column":75},"end":{"line":63,"column":76}}]},"4":{"loc":{"start":{"line":68,"column":8},"end":{"line":68,"column":32}},"type":"if","locations":[{"start":{"line":68,"column":8},"end":{"line":68,"column":32}}]},"5":{"loc":{"start":{"line":70,"column":8},"end":{"line":88,"column":null}},"type":"if","locations":[{"start":{"line":70,"column":8},"end":{"line":88,"column":null}},{"start":{"line":78,"column":15},"end":{"line":88,"column":null}}]},"6":{"loc":{"start":{"line":86,"column":12},"end":{"line":86,"column":39}},"type":"binary-expr","locations":[{"start":{"line":86,"column":12},"end":{"line":86,"column":26}},{"start":{"line":86,"column":30},"end":{"line":86,"column":39}}]},"7":{"loc":{"start":{"line":102,"column":4},"end":{"line":102,"column":23}},"type":"if","locations":[{"start":{"line":102,"column":4},"end":{"line":102,"column":23}}]},"8":{"loc":{"start":{"line":103,"column":4},"end":{"line":103,"column":46}},"type":"if","locations":[{"start":{"line":103,"column":4},"end":{"line":103,"column":46}}]},"9":{"loc":{"start":{"line":104,"column":18},"end":{"line":104,"column":59}},"type":"cond-expr","locations":[{"start":{"line":104,"column":42},"end":{"line":104,"column":44}},{"start":{"line":104,"column":42},"end":{"line":104,"column":59}}]},"10":{"loc":{"start":{"line":104,"column":18},"end":{"line":104,"column":44}},"type":"binary-expr","locations":[{"start":{"line":104,"column":18},"end":{"line":104,"column":44}},{"start":{"line":104,"column":42},"end":{"line":104,"column":44}}]},"11":{"loc":{"start":{"line":105,"column":4},"end":{"line":105,"column":23}},"type":"if","locations":[{"start":{"line":105,"column":4},"end":{"line":105,"column":23}}]},"12":{"loc":{"start":{"line":115,"column":4},"end":{"line":116,"column":28}},"type":"if","locations":[{"start":{"line":115,"column":4},"end":{"line":116,"column":28}},{"start":{"line":116,"column":9},"end":{"line":116,"column":28}}]},"13":{"loc":{"start":{"line":115,"column":8},"end":{"line":115,"column":46}},"type":"binary-expr","locations":[{"start":{"line":115,"column":8},"end":{"line":115,"column":26}},{"start":{"line":115,"column":30},"end":{"line":115,"column":46}}]},"14":{"loc":{"start":{"line":118,"column":4},"end":{"line":180,"column":null}},"type":"switch","locations":[{"start":{"line":119,"column":6},"end":{"line":140,"column":null}},{"start":{"line":142,"column":6},"end":{"line":151,"column":null}},{"start":{"line":153,"column":6},"end":{"line":174,"column":null}},{"start":{"line":176,"column":6},"end":{"line":179,"column":null}}]},"15":{"loc":{"start":{"line":128,"column":8},"end":{"line":131,"column":null}},"type":"if","locations":[{"start":{"line":128,"column":8},"end":{"line":131,"column":null}}]},"16":{"loc":{"start":{"line":133,"column":8},"end":{"line":136,"column":null}},"type":"if","locations":[{"start":{"line":133,"column":8},"end":{"line":136,"column":null}}]},"17":{"loc":{"start":{"line":138,"column":8},"end":{"line":138,"column":76}},"type":"if","locations":[{"start":{"line":138,"column":8},"end":{"line":138,"column":76}}]},"18":{"loc":{"start":{"line":138,"column":12},"end":{"line":138,"column":45}},"type":"binary-expr","locations":[{"start":{"line":138,"column":12},"end":{"line":138,"column":26}},{"start":{"line":138,"column":30},"end":{"line":138,"column":45}}]},"19":{"loc":{"start":{"line":146,"column":44},"end":{"line":146,"column":64}},"type":"cond-expr","locations":[{"start":{"line":146,"column":55},"end":{"line":146,"column":58}},{"start":{"line":146,"column":61},"end":{"line":146,"column":64}}]},"20":{"loc":{"start":{"line":154,"column":24},"end":{"line":154,"column":64}},"type":"cond-expr","locations":[{"start":{"line":154,"column":51},"end":{"line":154,"column":55}},{"start":{"line":154,"column":58},"end":{"line":154,"column":64}}]},"21":{"loc":{"start":{"line":156,"column":8},"end":{"line":160,"column":null}},"type":"if","locations":[{"start":{"line":156,"column":8},"end":{"line":160,"column":null}}]},"22":{"loc":{"start":{"line":162,"column":8},"end":{"line":164,"column":37}},"type":"if","locations":[{"start":{"line":162,"column":8},"end":{"line":164,"column":37}},{"start":{"line":164,"column":15},"end":{"line":164,"column":37}}]},"23":{"loc":{"start":{"line":167,"column":8},"end":{"line":171,"column":null}},"type":"if","locations":[{"start":{"line":167,"column":8},"end":{"line":171,"column":null}},{"start":{"line":168,"column":13},"end":{"line":171,"column":null}}]},"24":{"loc":{"start":{"line":168,"column":13},"end":{"line":171,"column":null}},"type":"if","locations":[{"start":{"line":168,"column":13},"end":{"line":171,"column":null}}]},"25":{"loc":{"start":{"line":182,"column":4},"end":{"line":182,"column":51}},"type":"if","locations":[{"start":{"line":182,"column":4},"end":{"line":182,"column":51}}]},"26":{"loc":{"start":{"line":210,"column":4},"end":{"line":216,"column":null}},"type":"if","locations":[{"start":{"line":210,"column":4},"end":{"line":216,"column":null}},{"start":{"line":213,"column":11},"end":{"line":216,"column":null}}]},"27":{"loc":{"start":{"line":210,"column":8},"end":{"line":210,"column":42}},"type":"binary-expr","locations":[{"start":{"line":210,"column":8},"end":{"line":210,"column":20}},{"start":{"line":210,"column":24},"end":{"line":210,"column":42}}]},"28":{"loc":{"start":{"line":213,"column":11},"end":{"line":216,"column":null}},"type":"if","locations":[{"start":{"line":213,"column":11},"end":{"line":216,"column":null}}]},"29":{"loc":{"start":{"line":219,"column":4},"end":{"line":222,"column":null}},"type":"if","locations":[{"start":{"line":219,"column":4},"end":{"line":222,"column":null}}]},"30":{"loc":{"start":{"line":223,"column":4},"end":{"line":223,"column":59}},"type":"if","locations":[{"start":{"line":223,"column":4},"end":{"line":223,"column":59}}]},"31":{"loc":{"start":{"line":229,"column":6},"end":{"line":230,"column":74}},"type":"if","locations":[{"start":{"line":229,"column":6},"end":{"line":230,"column":74}}]},"32":{"loc":{"start":{"line":237,"column":6},"end":{"line":238,"column":27}},"type":"if","locations":[{"start":{"line":237,"column":6},"end":{"line":238,"column":27}},{"start":{"line":238,"column":11},"end":{"line":238,"column":27}}]},"33":{"loc":{"start":{"line":240,"column":6},"end":{"line":243,"column":null}},"type":"if","locations":[{"start":{"line":240,"column":6},"end":{"line":243,"column":null}}]},"34":{"loc":{"start":{"line":244,"column":6},"end":{"line":246,"column":null}},"type":"if","locations":[{"start":{"line":244,"column":6},"end":{"line":246,"column":null}}]},"35":{"loc":{"start":{"line":267,"column":4},"end":{"line":271,"column":22}},"type":"if","locations":[{"start":{"line":267,"column":4},"end":{"line":271,"column":22}}]},"36":{"loc":{"start":{"line":268,"column":6},"end":{"line":269,"column":56}},"type":"binary-expr","locations":[{"start":{"line":268,"column":6},"end":{"line":268,"column":53}},{"start":{"line":269,"column":6},"end":{"line":269,"column":56}}]},"37":{"loc":{"start":{"line":273,"column":4},"end":{"line":279,"column":null}},"type":"if","locations":[{"start":{"line":273,"column":4},"end":{"line":279,"column":null}}]},"38":{"loc":{"start":{"line":274,"column":6},"end":{"line":275,"column":76}},"type":"binary-expr","locations":[{"start":{"line":274,"column":6},"end":{"line":274,"column":76}},{"start":{"line":275,"column":6},"end":{"line":275,"column":76}}]},"39":{"loc":{"start":{"line":45,"column":21},"end":{"line":45,"column":79}},"type":"cond-expr","locations":[{"start":{"line":45,"column":43},"end":{"line":45,"column":72}},{"start":{"line":45,"column":75},"end":{"line":45,"column":79}}]},"40":{"loc":{"start":{"line":53,"column":4},"end":{"line":53,"column":42}},"type":"if","locations":[{"start":{"line":53,"column":4},"end":{"line":53,"column":42}}]}},"s":{"0":1,"1":1,"2":1,"3":1,"4":1,"5":1,"6":4,"7":0,"8":4,"9":4,"10":26,"11":26,"12":26,"13":26,"14":0,"15":26,"16":26,"17":2,"18":24,"19":4,"20":26,"21":26,"22":26,"23":26,"24":0,"25":26,"26":0,"27":26,"28":26,"29":0,"30":26,"31":26,"32":15,"33":11,"34":26,"35":2,"36":2,"37":2,"38":1,"39":1,"40":2,"41":1,"42":1,"43":2,"44":0,"45":2,"46":5,"47":5,"48":5,"49":5,"50":5,"51":5,"52":9,"53":9,"54":0,"55":0,"56":0,"57":9,"58":4,"59":5,"60":9,"61":9,"62":9,"63":0,"64":0,"65":0,"66":0,"67":10,"68":10,"69":26,"70":13,"71":26,"72":26,"73":26,"74":4,"75":0,"76":0,"77":0,"78":0,"79":0,"80":0,"81":0,"82":0,"83":0,"84":0,"85":0,"86":0,"87":0,"88":0,"89":0,"90":0,"91":0,"92":0,"93":0,"94":0,"95":0,"96":0,"97":0,"98":0,"99":0,"100":0,"101":0,"102":0,"103":0,"104":0,"105":0,"106":0,"107":0,"108":0,"109":0,"110":0,"111":0,"112":0,"113":0,"114":4,"115":4,"116":4,"117":4,"118":4,"119":4,"120":4,"121":24,"122":0,"123":24,"124":24,"125":0,"126":0,"127":0,"128":1},"f":{"0":4,"1":26,"2":26,"3":26,"4":0,"5":24,"6":0,"7":0},"b":{"0":[4],"1":[0],"2":[26],"3":[0,26],"4":[0],"5":[2,24],"6":[24,20],"7":[0],"8":[0],"9":[0,26],"10":[26,26],"11":[0],"12":[15,11],"13":[26,22],"14":[2,5,9,10],"15":[1],"16":[1],"17":[0],"18":[2,1],"19":[1,4],"20":[6,3],"21":[0],"22":[4,5],"23":[9,0],"24":[0],"25":[13],"26":[0,0],"27":[0,0],"28":[0],"29":[0],"30":[0],"31":[0],"32":[0,0],"33":[0],"34":[0],"35":[0],"36":[0,0],"37":[0],"38":[0,0],"39":[0,4],"40":[0]}}
,"/home/alex/the_odin_project/chess/api/src/classes/Gameboard.ts": {"path":"/home/alex/the_odin_project/chess/api/src/classes/Gameboard.ts","statementMap":{"0":{"start":{"line":1,"column":0},"end":{"line":1,"column":53}},"1":{"start":{"line":13,"column":0},"end":{"line":13,"column":61}},"2":{"start":{"line":14,"column":0},"end":{"line":14,"column":45}},"3":{"start":{"line":15,"column":0},"end":{"line":15,"column":68}},"4":{"start":{"line":30,"column":2},"end":{"line":39,"column":4}},"5":{"start":{"line":35,"column":4},"end":{"line":38,"column":57}},"6":{"start":{"line":36,"column":6},"end":{"line":36,"column":55}},"7":{"start":{"line":37,"column":6},"end":{"line":37,"column":46}},"8":{"start":{"line":38,"column":11},"end":{"line":38,"column":57}},"9":{"start":{"line":41,"column":2},"end":{"line":53,"column":4}},"10":{"start":{"line":47,"column":25},"end":{"line":47,"column":56}},"11":{"start":{"line":48,"column":4},"end":{"line":52,"column":9}},"12":{"start":{"line":49,"column":6},"end":{"line":52,"column":9}},"13":{"start":{"line":50,"column":8},"end":{"line":50,"column":34}},"14":{"start":{"line":50,"column":25},"end":{"line":50,"column":34}},"15":{"start":{"line":51,"column":8},"end":{"line":51,"column":19}},"16":{"start":{"line":55,"column":2},"end":{"line":68,"column":4}},"17":{"start":{"line":60,"column":25},"end":{"line":60,"column":56}},"18":{"start":{"line":61,"column":4},"end":{"line":64,"column":8}},"19":{"start":{"line":62,"column":6},"end":{"line":64,"column":8}},"20":{"start":{"line":63,"column":15},"end":{"line":63,"column":30}},"21":{"start":{"line":66,"column":4},"end":{"line":67,"column":45}},"22":{"start":{"line":67,"column":6},"end":{"line":67,"column":45}},"23":{"start":{"line":102,"column":2},"end":{"line":133,"column":4}},"24":{"start":{"line":104,"column":6},"end":{"line":104,"column":58}},"25":{"start":{"line":106,"column":4},"end":{"line":132,"column":6}},"26":{"start":{"line":109,"column":10},"end":{"line":109,"column":62}},"27":{"start":{"line":111,"column":8},"end":{"line":111,"column":36}},"28":{"start":{"line":111,"column":29},"end":{"line":111,"column":36}},"29":{"start":{"line":113,"column":22},"end":{"line":113,"column":34}},"30":{"start":{"line":114,"column":8},"end":{"line":114,"column":27}},"31":{"start":{"line":114,"column":20},"end":{"line":114,"column":27}},"32":{"start":{"line":115,"column":24},"end":{"line":115,"column":36}},"33":{"start":{"line":116,"column":8},"end":{"line":121,"column":12}},"34":{"start":{"line":117,"column":10},"end":{"line":121,"column":12}},"35":{"start":{"line":122,"column":8},"end":{"line":122,"column":28}},"36":{"start":{"line":123,"column":8},"end":{"line":123,"column":29}},"37":{"start":{"line":125,"column":8},"end":{"line":130,"column":10}},"38":{"start":{"line":135,"column":2},"end":{"line":147,"column":4}},"39":{"start":{"line":136,"column":20},"end":{"line":136,"column":45}},"40":{"start":{"line":137,"column":20},"end":{"line":138,"column":null}},"41":{"start":{"line":138,"column":6},"end":{"line":138,"column":46}},"42":{"start":{"line":140,"column":4},"end":{"line":140,"column":44}},"43":{"start":{"line":140,"column":37},"end":{"line":140,"column":44}},"44":{"start":{"line":141,"column":4},"end":{"line":143,"column":6}},"45":{"start":{"line":144,"column":4},"end":{"line":146,"column":6}},"46":{"start":{"line":24,"column":4},"end":{"line":24,"column":40}},"47":{"start":{"line":25,"column":4},"end":{"line":25,"column":70}},"48":{"start":{"line":27,"column":4},"end":{"line":27,"column":33}},"49":{"start":{"line":71,"column":27},"end":{"line":71,"column":76}},"50":{"start":{"line":72,"column":4},"end":{"line":99,"column":6}},"51":{"start":{"line":74,"column":8},"end":{"line":74,"column":26}},"52":{"start":{"line":77,"column":8},"end":{"line":77,"column":27}},"53":{"start":{"line":78,"column":8},"end":{"line":78,"column":76}},"54":{"start":{"line":82,"column":22},"end":{"line":82,"column":32}},"55":{"start":{"line":83,"column":8},"end":{"line":88,"column":12}},"56":{"start":{"line":84,"column":10},"end":{"line":88,"column":12}},"57":{"start":{"line":89,"column":8},"end":{"line":89,"column":26}},"58":{"start":{"line":93,"column":22},"end":{"line":93,"column":32}},"59":{"start":{"line":94,"column":8},"end":{"line":94,"column":27}},"60":{"start":{"line":94,"column":20},"end":{"line":94,"column":27}},"61":{"start":{"line":95,"column":8},"end":{"line":95,"column":55}},"62":{"start":{"line":96,"column":8},"end":{"line":96,"column":80}},"63":{"start":{"line":97,"column":8},"end":{"line":97,"column":62}},"64":{"start":{"line":150,"column":17},"end":{"line":150,"column":43}},"65":{"start":{"line":151,"column":20},"end":{"line":151,"column":70}},"66":{"start":{"line":152,"column":24},"end":{"line":152,"column":45}},"67":{"start":{"line":153,"column":4},"end":{"line":153,"column":35}},"68":{"start":{"line":17,"column":0},"end":{"line":17,"column":21}}},"fnMap":{"0":{"name":"(anonymous_0)","decl":{"start":{"line":23,"column":2},"end":{"line":23,"column":14}},"loc":{"start":{"line":23,"column":27},"end":{"line":28,"column":3}}},"1":{"name":"(anonymous_1)","decl":{"start":{"line":30,"column":19},"end":{"line":30,"column":null}},"loc":{"start":{"line":34,"column":6},"end":{"line":39,"column":3}}},"2":{"name":"(anonymous_2)","decl":{"start":{"line":41,"column":19},"end":{"line":41,"column":null}},"loc":{"start":{"line":46,"column":6},"end":{"line":53,"column":3}}},"3":{"name":"(anonymous_3)","decl":{"start":{"line":49,"column":57},"end":{"line":49,"column":58}},"loc":{"start":{"line":49,"column":63},"end":{"line":52,"column":7}}},"4":{"name":"(anonymous_4)","decl":{"start":{"line":55,"column":23},"end":{"line":55,"column":null}},"loc":{"start":{"line":59,"column":6},"end":{"line":68,"column":3}}},"5":{"name":"(anonymous_5)","decl":{"start":{"line":63,"column":8},"end":{"line":63,"column":9}},"loc":{"start":{"line":63,"column":15},"end":{"line":63,"column":30}}},"6":{"name":"(anonymous_6)","decl":{"start":{"line":102,"column":9},"end":{"line":102,"column":10}},"loc":{"start":{"line":102,"column":56},"end":{"line":133,"column":3}}},"7":{"name":"(anonymous_7)","decl":{"start":{"line":107,"column":10},"end":{"line":107,"column":11}},"loc":{"start":{"line":107,"column":37},"end":{"line":131,"column":7}}},"8":{"name":"(anonymous_8)","decl":{"start":{"line":135,"column":11},"end":{"line":135,"column":12}},"loc":{"start":{"line":135,"column":61},"end":{"line":147,"column":3}}},"9":{"name":"(anonymous_9)","decl":{"start":{"line":137,"column":49},"end":{"line":137,"column":50}},"loc":{"start":{"line":138,"column":6},"end":{"line":138,"column":46}}},"10":{"name":"(anonymous_10)","decl":{"start":{"line":70,"column":2},"end":{"line":70,"column":4}},"loc":{"start":{"line":70,"column":46},"end":{"line":100,"column":3}}},"11":{"name":"(anonymous_11)","decl":{"start":{"line":73,"column":6},"end":{"line":73,"column":10}},"loc":{"start":{"line":73,"column":15},"end":{"line":75,"column":7}}},"12":{"name":"(anonymous_12)","decl":{"start":{"line":76,"column":13},"end":{"line":76,"column":14}},"loc":{"start":{"line":76,"column":30},"end":{"line":79,"column":7}}},"13":{"name":"(anonymous_13)","decl":{"start":{"line":81,"column":14},"end":{"line":81,"column":17}},"loc":{"start":{"line":81,"column":19},"end":{"line":90,"column":7}}},"14":{"name":"(anonymous_14)","decl":{"start":{"line":92,"column":15},"end":{"line":92,"column":16}},"loc":{"start":{"line":92,"column":45},"end":{"line":98,"column":7}}},"15":{"name":"(anonymous_15)","decl":{"start":{"line":149,"column":2},"end":{"line":149,"column":17}},"loc":{"start":{"line":149,"column":47},"end":{"line":154,"column":3}}}},"branchMap":{"0":{"loc":{"start":{"line":35,"column":4},"end":{"line":38,"column":57}},"type":"if","locations":[{"start":{"line":35,"column":4},"end":{"line":38,"column":57}},{"start":{"line":38,"column":11},"end":{"line":38,"column":57}}]},"1":{"loc":{"start":{"line":36,"column":6},"end":{"line":36,"column":54}},"type":"cond-expr","locations":[{"start":{"line":36,"column":37},"end":{"line":36,"column":39}},{"start":{"line":36,"column":37},"end":{"line":36,"column":54}}]},"2":{"loc":{"start":{"line":36,"column":6},"end":{"line":36,"column":39}},"type":"binary-expr","locations":[{"start":{"line":36,"column":6},"end":{"line":36,"column":39}},{"start":{"line":36,"column":37},"end":{"line":36,"column":39}}]},"3":{"loc":{"start":{"line":37,"column":6},"end":{"line":37,"column":45}},"type":"cond-expr","locations":[{"start":{"line":37,"column":37},"end":{"line":37,"column":39}},{"start":{"line":37,"column":37},"end":{"line":37,"column":45}}]},"4":{"loc":{"start":{"line":37,"column":6},"end":{"line":37,"column":39}},"type":"binary-expr","locations":[{"start":{"line":37,"column":6},"end":{"line":37,"column":39}},{"start":{"line":37,"column":37},"end":{"line":37,"column":39}}]},"5":{"loc":{"start":{"line":48,"column":4},"end":{"line":52,"column":9}},"type":"if","locations":[{"start":{"line":48,"column":4},"end":{"line":52,"column":9}}]},"6":{"loc":{"start":{"line":50,"column":8},"end":{"line":50,"column":34}},"type":"if","locations":[{"start":{"line":50,"column":8},"end":{"line":50,"column":34}}]},"7":{"loc":{"start":{"line":61,"column":4},"end":{"line":64,"column":8}},"type":"if","locations":[{"start":{"line":61,"column":4},"end":{"line":64,"column":8}}]},"8":{"loc":{"start":{"line":66,"column":4},"end":{"line":67,"column":45}},"type":"if","locations":[{"start":{"line":66,"column":4},"end":{"line":67,"column":45}}]},"9":{"loc":{"start":{"line":66,"column":9},"end":{"line":66,"column":48}},"type":"cond-expr","locations":[{"start":{"line":66,"column":40},"end":{"line":66,"column":42}},{"start":{"line":66,"column":40},"end":{"line":66,"column":48}}]},"10":{"loc":{"start":{"line":66,"column":9},"end":{"line":66,"column":42}},"type":"binary-expr","locations":[{"start":{"line":66,"column":9},"end":{"line":66,"column":42}},{"start":{"line":66,"column":40},"end":{"line":66,"column":42}}]},"11":{"loc":{"start":{"line":102,"column":34},"end":{"line":102,"column":52}},"type":"default-arg","locations":[{"start":{"line":102,"column":42},"end":{"line":102,"column":52}}]},"12":{"loc":{"start":{"line":104,"column":6},"end":{"line":104,"column":58}},"type":"cond-expr","locations":[{"start":{"line":104,"column":31},"end":{"line":104,"column":53}},{"start":{"line":104,"column":56},"end":{"line":104,"column":58}}]},"13":{"loc":{"start":{"line":109,"column":10},"end":{"line":109,"column":62}},"type":"cond-expr","locations":[{"start":{"line":109,"column":35},"end":{"line":109,"column":57}},{"start":{"line":109,"column":60},"end":{"line":109,"column":62}}]},"14":{"loc":{"start":{"line":111,"column":8},"end":{"line":111,"column":36}},"type":"if","locations":[{"start":{"line":111,"column":8},"end":{"line":111,"column":36}}]},"15":{"loc":{"start":{"line":114,"column":8},"end":{"line":114,"column":27}},"type":"if","locations":[{"start":{"line":114,"column":8},"end":{"line":114,"column":27}}]},"16":{"loc":{"start":{"line":116,"column":8},"end":{"line":121,"column":12}},"type":"if","locations":[{"start":{"line":116,"column":8},"end":{"line":121,"column":12}}]},"17":{"loc":{"start":{"line":135,"column":39},"end":{"line":135,"column":57}},"type":"default-arg","locations":[{"start":{"line":135,"column":47},"end":{"line":135,"column":57}}]},"18":{"loc":{"start":{"line":137,"column":20},"end":{"line":138,"column":null}},"type":"cond-expr","locations":[{"start":{"line":137,"column":42},"end":{"line":137,"column":44}},{"start":{"line":137,"column":42},"end":{"line":138,"column":null}}]},"19":{"loc":{"start":{"line":137,"column":20},"end":{"line":137,"column":44}},"type":"binary-expr","locations":[{"start":{"line":137,"column":20},"end":{"line":137,"column":44}},{"start":{"line":137,"column":42},"end":{"line":137,"column":44}}]},"20":{"loc":{"start":{"line":138,"column":6},"end":{"line":138,"column":46}},"type":"cond-expr","locations":[{"start":{"line":138,"column":21},"end":{"line":138,"column":32}},{"start":{"line":138,"column":35},"end":{"line":138,"column":46}}]},"21":{"loc":{"start":{"line":140,"column":4},"end":{"line":140,"column":44}},"type":"if","locations":[{"start":{"line":140,"column":4},"end":{"line":140,"column":44}}]},"22":{"loc":{"start":{"line":142,"column":7},"end":{"line":142,"column":47}},"type":"cond-expr","locations":[{"start":{"line":142,"column":22},"end":{"line":142,"column":33}},{"start":{"line":142,"column":36},"end":{"line":142,"column":47}}]},"23":{"loc":{"start":{"line":145,"column":7},"end":{"line":145,"column":47}},"type":"cond-expr","locations":[{"start":{"line":145,"column":22},"end":{"line":145,"column":33}},{"start":{"line":145,"column":36},"end":{"line":145,"column":47}}]},"24":{"loc":{"start":{"line":24,"column":17},"end":{"line":24,"column":39}},"type":"binary-expr","locations":[{"start":{"line":24,"column":17},"end":{"line":24,"column":22}},{"start":{"line":24,"column":26},"end":{"line":24,"column":39}}]},"25":{"loc":{"start":{"line":25,"column":20},"end":{"line":25,"column":69}},"type":"cond-expr","locations":[{"start":{"line":25,"column":28},"end":{"line":25,"column":48}},{"start":{"line":25,"column":51},"end":{"line":25,"column":69}}]},"26":{"loc":{"start":{"line":70,"column":28},"end":{"line":70,"column":46}},"type":"default-arg","locations":[{"start":{"line":70,"column":36},"end":{"line":70,"column":46}}]},"27":{"loc":{"start":{"line":71,"column":27},"end":{"line":71,"column":76}},"type":"cond-expr","locations":[{"start":{"line":71,"column":51},"end":{"line":71,"column":72}},{"start":{"line":71,"column":75},"end":{"line":71,"column":76}}]},"28":{"loc":{"start":{"line":83,"column":8},"end":{"line":88,"column":12}},"type":"if","locations":[{"start":{"line":83,"column":8},"end":{"line":88,"column":12}}]},"29":{"loc":{"start":{"line":94,"column":8},"end":{"line":94,"column":27}},"type":"if","locations":[{"start":{"line":94,"column":8},"end":{"line":94,"column":27}}]},"30":{"loc":{"start":{"line":152,"column":24},"end":{"line":152,"column":45}},"type":"cond-expr","locations":[{"start":{"line":152,"column":40},"end":{"line":152,"column":41}},{"start":{"line":152,"column":44},"end":{"line":152,"column":45}}]}},"s":{"0":1,"1":1,"2":1,"3":1,"4":4,"5":128,"6":88,"7":88,"8":40,"9":4,"10":28,"11":28,"12":28,"13":106,"14":78,"15":28,"16":4,"17":4,"18":4,"19":4,"20":20,"21":4,"22":0,"23":4,"24":28,"25":28,"26":28,"27":28,"28":0,"29":28,"30":28,"31":0,"32":28,"33":28,"34":4,"35":28,"36":28,"37":28,"38":4,"39":2,"40":2,"41":3,"42":2,"43":0,"44":2,"45":2,"46":4,"47":4,"48":4,"49":26,"50":26,"51":26,"52":0,"53":0,"54":0,"55":0,"56":0,"57":0,"58":0,"59":0,"60":0,"61":0,"62":0,"63":0,"64":0,"65":0,"66":0,"67":0,"68":1},"f":{"0":4,"1":128,"2":28,"3":106,"4":4,"5":20,"6":28,"7":28,"8":2,"9":3,"10":26,"11":26,"12":0,"13":0,"14":0,"15":0},"b":{"0":[88,40],"1":[0,88],"2":[88,88],"3":[0,88],"4":[88,88],"5":[28],"6":[78],"7":[4],"8":[0],"9":[0,4],"10":[4,4],"11":[24],"12":[0,28],"13":[0,28],"14":[0],"15":[0],"16":[4],"17":[2],"18":[0,2],"19":[2,2],"20":[1,2],"21":[0],"22":[1,1],"23":[1,1],"24":[4,4],"25":[0,4],"26":[0],"27":[0,26],"28":[0],"29":[0],"30":[0,0]}}
,"/home/alex/the_odin_project/chess/api/src/utils/board.ts": {"path":"/home/alex/the_odin_project/chess/api/src/utils/board.ts","statementMap":{"0":{"start":{"line":2,"column":0},"end":{"line":2,"column":66}},"1":{"start":{"line":4,"column":2},"end":{"line":9,"column":16}},"2":{"start":{"line":7,"column":6},"end":{"line":7,"column":58}},"3":{"start":{"line":7,"column":46},"end":{"line":7,"column":58}},"4":{"start":{"line":8,"column":6},"end":{"line":8,"column":15}},"5":{"start":{"line":3,"column":0},"end":{"line":3,"column":16}},"6":{"start":{"line":13,"column":15},"end":{"line":13,"column":29}},"7":{"start":{"line":14,"column":24},"end":{"line":14,"column":73}},"8":{"start":{"line":16,"column":2},"end":{"line":19,"column":null}},"9":{"start":{"line":16,"column":15},"end":{"line":16,"column":16}},"10":{"start":{"line":18,"column":4},"end":{"line":18,"column":30}},"11":{"start":{"line":21,"column":2},"end":{"line":31,"column":null}},"12":{"start":{"line":21,"column":15},"end":{"line":21,"column":16}},"13":{"start":{"line":22,"column":4},"end":{"line":22,"column":48}},"14":{"start":{"line":23,"column":4},"end":{"line":23,"column":45}},"15":{"start":{"line":25,"column":4},"end":{"line":28,"column":58}},"16":{"start":{"line":30,"column":4},"end":{"line":30,"column":68}},"17":{"start":{"line":33,"column":2},"end":{"line":33,"column":23}},"18":{"start":{"line":12,"column":0},"end":{"line":12,"column":16}}},"fnMap":{"0":{"name":"createBoard","decl":{"start":{"line":3,"column":16},"end":{"line":3,"column":27}},"loc":{"start":{"line":3,"column":27},"end":{"line":10,"column":1}}},"1":{"name":"(anonymous_1)","decl":{"start":{"line":6,"column":9},"end":{"line":6,"column":10}},"loc":{"start":{"line":6,"column":18},"end":{"line":9,"column":5}}},"2":{"name":"init","decl":{"start":{"line":12,"column":16},"end":{"line":12,"column":20}},"loc":{"start":{"line":12,"column":33},"end":{"line":34,"column":1}}}},"branchMap":{"0":{"loc":{"start":{"line":7,"column":6},"end":{"line":7,"column":58}},"type":"if","locations":[{"start":{"line":7,"column":6},"end":{"line":7,"column":58}}]}},"s":{"0":1,"1":8,"2":960,"3":512,"4":448,"5":1,"6":0,"7":0,"8":0,"9":0,"10":0,"11":0,"12":0,"13":0,"14":0,"15":0,"16":0,"17":0,"18":1},"f":{"0":8,"1":960,"2":0},"b":{"0":[512]}}
,"/home/alex/the_odin_project/chess/api/src/utils/constants.ts": {"path":"/home/alex/the_odin_project/chess/api/src/utils/constants.ts","statementMap":{"0":{"start":{"line":3,"column":13},"end":{"line":3,"column":55}},"1":{"start":{"line":5,"column":13},"end":{"line":5,"column":71}},"2":{"start":{"line":7,"column":13},"end":{"line":7,"column":67}},"3":{"start":{"line":9,"column":13},"end":{"line":9,"column":42}},"4":{"start":{"line":11,"column":13},"end":{"line":11,"column":30}},"5":{"start":{"line":13,"column":13},"end":{"line":13,"column":30}},"6":{"start":{"line":15,"column":13},"end":{"line":20,"column":2}},"7":{"start":{"line":23,"column":13},"end":{"line":23,"column":72}},"8":{"start":{"line":25,"column":13},"end":{"line":34,"column":11}},"9":{"start":{"line":36,"column":13},"end":{"line":41,"column":2}},"10":{"start":{"line":43,"column":13},"end":{"line":48,"column":2}},"11":{"start":{"line":50,"column":13},"end":{"line":50,"column":64}},"12":{"start":{"line":52,"column":13},"end":{"line":55,"column":11}},"13":{"start":{"line":57,"column":13},"end":{"line":58,"column":70}}},"fnMap":{},"branchMap":{},"s":{"0":1,"1":1,"2":1,"3":1,"4":1,"5":1,"6":1,"7":1,"8":1,"9":1,"10":1,"11":1,"12":1,"13":1},"f":{},"b":{}}
,"/home/alex/the_odin_project/chess/api/src/utils/fen.ts": {"path":"/home/alex/the_odin_project/chess/api/src/utils/fen.ts","statementMap":{"0":{"start":{"line":11,"column":0},"end":{"line":11,"column":66}},"1":{"start":{"line":12,"column":0},"end":{"line":12,"column":39}},"2":{"start":{"line":13,"column":0},"end":{"line":13,"column":62}},"3":{"start":{"line":15,"column":0},"end":{"line":15,"column":38}},"4":{"start":{"line":18,"column":2},"end":{"line":18,"column":29}},"5":{"start":{"line":18,"column":22},"end":{"line":18,"column":29}},"6":{"start":{"line":19,"column":16},"end":{"line":19,"column":30}},"7":{"start":{"line":21,"column":2},"end":{"line":21,"column":28}},"8":{"start":{"line":17,"column":0},"end":{"line":17,"column":16}},"9":{"start":{"line":32,"column":16},"end":{"line":32,"column":30}},"10":{"start":{"line":33,"column":73},"end":{"line":33,"column":78}},"11":{"start":{"line":39,"column":19},"end":{"line":39,"column":57}},"12":{"start":{"line":40,"column":12},"end":{"line":40,"column":13}},"13":{"start":{"line":41,"column":22},"end":{"line":41,"column":35}},"14":{"start":{"line":42,"column":2},"end":{"line":66,"column":null}},"15":{"start":{"line":42,"column":15},"end":{"line":42,"column":16}},"16":{"start":{"line":43,"column":17},"end":{"line":43,"column":28}},"17":{"start":{"line":44,"column":4},"end":{"line":44,"column":31}},"18":{"start":{"line":44,"column":22},"end":{"line":44,"column":31}},"19":{"start":{"line":46,"column":4},"end":{"line":52,"column":null}},"20":{"start":{"line":47,"column":6},"end":{"line":50,"column":null}},"21":{"start":{"line":47,"column":19},"end":{"line":47,"column":20}},"22":{"start":{"line":48,"column":8},"end":{"line":48,"column":43}},"23":{"start":{"line":49,"column":8},"end":{"line":49,"column":14}},"24":{"start":{"line":51,"column":6},"end":{"line":51,"column":15}},"25":{"start":{"line":55,"column":22},"end":{"line":55,"column":39}},"26":{"start":{"line":57,"column":6},"end":{"line":59,"column":50}},"27":{"start":{"line":62,"column":4},"end":{"line":62,"column":40}},"28":{"start":{"line":63,"column":4},"end":{"line":64,"column":80}},"29":{"start":{"line":65,"column":4},"end":{"line":65,"column":10}},"30":{"start":{"line":68,"column":23},"end":{"line":77,"column":27}},"31":{"start":{"line":69,"column":24},"end":{"line":69,"column":49}},"32":{"start":{"line":70,"column":25},"end":{"line":70,"column":50}},"33":{"start":{"line":72,"column":4},"end":{"line":75,"column":6}},"34":{"start":{"line":76,"column":4},"end":{"line":76,"column":15}},"35":{"start":{"line":79,"column":2},"end":{"line":86,"column":4}},"36":{"start":{"line":24,"column":0},"end":{"line":24,"column":16}},"37":{"start":{"line":90,"column":12},"end":{"line":90,"column":14}},"38":{"start":{"line":96,"column":2},"end":{"line":119,"column":null}},"39":{"start":{"line":96,"column":18},"end":{"line":96,"column":34}},"40":{"start":{"line":97,"column":18},"end":{"line":97,"column":20}},"41":{"start":{"line":98,"column":4},"end":{"line":116,"column":null}},"42":{"start":{"line":98,"column":20},"end":{"line":98,"column":21}},"43":{"start":{"line":99,"column":18},"end":{"line":99,"column":55}},"44":{"start":{"line":100,"column":6},"end":{"line":115,"column":null}},"45":{"start":{"line":104,"column":8},"end":{"line":110,"column":30}},"46":{"start":{"line":106,"column":10},"end":{"line":109,"column":12}},"47":{"start":{"line":110,"column":15},"end":{"line":110,"column":30}},"48":{"start":{"line":113,"column":22},"end":{"line":113,"column":41}},"49":{"start":{"line":114,"column":8},"end":{"line":114,"column":72}},"50":{"start":{"line":117,"column":4},"end":{"line":117,"column":24}},"51":{"start":{"line":118,"column":4},"end":{"line":118,"column":31}},"52":{"start":{"line":118,"column":20},"end":{"line":118,"column":31}},"53":{"start":{"line":120,"column":2},"end":{"line":120,"column":13}},"54":{"start":{"line":89,"column":0},"end":{"line":89,"column":16}},"55":{"start":{"line":124,"column":12},"end":{"line":124,"column":41}},"56":{"start":{"line":126,"column":2},"end":{"line":126,"column":32}},"57":{"start":{"line":128,"column":26},"end":{"line":130,"column":74}},"58":{"start":{"line":132,"column":2},"end":{"line":132,"column":31}},"59":{"start":{"line":134,"column":23},"end":{"line":136,"column":9}},"60":{"start":{"line":138,"column":2},"end":{"line":138,"column":46}},"61":{"start":{"line":140,"column":2},"end":{"line":140,"column":13}},"62":{"start":{"line":123,"column":0},"end":{"line":123,"column":16}}},"fnMap":{"0":{"name":"getActiveColor","decl":{"start":{"line":17,"column":16},"end":{"line":17,"column":30}},"loc":{"start":{"line":17,"column":42},"end":{"line":22,"column":1}}},"1":{"name":"convertFromFen","decl":{"start":{"line":24,"column":16},"end":{"line":24,"column":30}},"loc":{"start":{"line":30,"column":11},"end":{"line":87,"column":1}}},"2":{"name":"(anonymous_2)","decl":{"start":{"line":68,"column":54},"end":{"line":68,"column":55}},"loc":{"start":{"line":68,"column":69},"end":{"line":77,"column":3}}},"3":{"name":"convertBoardToFen","decl":{"start":{"line":89,"column":16},"end":{"line":89,"column":33}},"loc":{"start":{"line":89,"column":46},"end":{"line":121,"column":1}}},"4":{"name":"convertToFen","decl":{"start":{"line":123,"column":16},"end":{"line":123,"column":28}},"loc":{"start":{"line":123,"column":44},"end":{"line":141,"column":1}}}},"branchMap":{"0":{"loc":{"start":{"line":18,"column":2},"end":{"line":18,"column":29}},"type":"if","locations":[{"start":{"line":18,"column":2},"end":{"line":18,"column":29}}]},"1":{"loc":{"start":{"line":44,"column":4},"end":{"line":44,"column":31}},"type":"if","locations":[{"start":{"line":44,"column":4},"end":{"line":44,"column":31}}]},"2":{"loc":{"start":{"line":46,"column":4},"end":{"line":52,"column":null}},"type":"if","locations":[{"start":{"line":46,"column":4},"end":{"line":52,"column":null}}]},"3":{"loc":{"start":{"line":57,"column":6},"end":{"line":59,"column":50}},"type":"cond-expr","locations":[{"start":{"line":58,"column":11},"end":{"line":58,"column":36}},{"start":{"line":59,"column":11},"end":{"line":59,"column":50}}]},"4":{"loc":{"start":{"line":63,"column":4},"end":{"line":64,"column":79}},"type":"binary-expr","locations":[{"start":{"line":63,"column":4},"end":{"line":63,"column":18}},{"start":{"line":64,"column":6},"end":{"line":64,"column":79}}]},"5":{"loc":{"start":{"line":69,"column":24},"end":{"line":69,"column":49}},"type":"cond-expr","locations":[{"start":{"line":69,"column":40},"end":{"line":69,"column":43}},{"start":{"line":69,"column":46},"end":{"line":69,"column":49}}]},"6":{"loc":{"start":{"line":70,"column":25},"end":{"line":70,"column":50}},"type":"cond-expr","locations":[{"start":{"line":70,"column":41},"end":{"line":70,"column":44}},{"start":{"line":70,"column":47},"end":{"line":70,"column":50}}]},"7":{"loc":{"start":{"line":84,"column":6},"end":{"line":84,"column":72}},"type":"cond-expr","locations":[{"start":{"line":84,"column":26},"end":{"line":84,"column":65}},{"start":{"line":84,"column":68},"end":{"line":84,"column":72}}]},"8":{"loc":{"start":{"line":100,"column":6},"end":{"line":115,"column":null}},"type":"if","locations":[{"start":{"line":100,"column":6},"end":{"line":115,"column":null}},{"start":{"line":111,"column":13},"end":{"line":115,"column":null}}]},"9":{"loc":{"start":{"line":104,"column":8},"end":{"line":110,"column":30}},"type":"if","locations":[{"start":{"line":104,"column":8},"end":{"line":110,"column":30}},{"start":{"line":110,"column":15},"end":{"line":110,"column":30}}]},"10":{"loc":{"start":{"line":114,"column":19},"end":{"line":114,"column":71}},"type":"cond-expr","locations":[{"start":{"line":114,"column":38},"end":{"line":114,"column":60}},{"start":{"line":114,"column":63},"end":{"line":114,"column":71}}]},"11":{"loc":{"start":{"line":118,"column":4},"end":{"line":118,"column":31}},"type":"if","locations":[{"start":{"line":118,"column":4},"end":{"line":118,"column":31}}]},"12":{"loc":{"start":{"line":128,"column":29},"end":{"line":128,"column":61}},"type":"cond-expr","locations":[{"start":{"line":128,"column":53},"end":{"line":128,"column":56}},{"start":{"line":128,"column":59},"end":{"line":128,"column":61}}]},"13":{"loc":{"start":{"line":129,"column":4},"end":{"line":129,"column":null}},"type":"cond-expr","locations":[{"start":{"line":129,"column":28},"end":{"line":129,"column":31}},{"start":{"line":129,"column":34},"end":{"line":129,"column":null}}]},"14":{"loc":{"start":{"line":130,"column":5},"end":{"line":130,"column":37}},"type":"cond-expr","locations":[{"start":{"line":130,"column":29},"end":{"line":130,"column":32}},{"start":{"line":130,"column":35},"end":{"line":130,"column":37}}]},"15":{"loc":{"start":{"line":130,"column":40},"end":{"line":130,"column":72}},"type":"cond-expr","locations":[{"start":{"line":130,"column":64},"end":{"line":130,"column":67}},{"start":{"line":130,"column":70},"end":{"line":130,"column":72}}]},"16":{"loc":{"start":{"line":134,"column":23},"end":{"line":136,"column":9}},"type":"cond-expr","locations":[{"start":{"line":135,"column":6},"end":{"line":135,"column":40}},{"start":{"line":136,"column":6},"end":{"line":136,"column":9}}]}},"s":{"0":1,"1":1,"2":1,"3":1,"4":0,"5":0,"6":0,"7":0,"8":1,"9":4,"10":4,"11":4,"12":4,"13":4,"14":4,"15":4,"16":144,"17":144,"18":0,"19":144,"20":16,"21":16,"22":128,"23":128,"24":16,"25":128,"26":128,"27":128,"28":128,"29":128,"30":4,"31":8,"32":8,"33":8,"34":8,"35":4,"36":1,"37":0,"38":0,"39":0,"40":0,"41":0,"42":0,"43":0,"44":0,"45":0,"46":0,"47":0,"48":0,"49":0,"50":0,"51":0,"52":0,"53":0,"54":1,"55":0,"56":0,"57":0,"58":0,"59":0,"60":0,"61":0,"62":1},"f":{"0":0,"1":4,"2":8,"3":0,"4":0},"b":{"0":[0],"1":[0],"2":[16],"3":[64,64],"4":[128,128],"5":[4,4],"6":[4,4],"7":[0,4],"8":[0,0],"9":[0,0],"10":[0,0],"11":[0],"12":[0,0],"13":[0,0],"14":[0,0],"15":[0,0],"16":[0,0]}}
,"/home/alex/the_odin_project/chess/api/src/utils/getMoves.ts": {"path":"/home/alex/the_odin_project/chess/api/src/utils/getMoves.ts","statementMap":{"0":{"start":{"line":16,"column":0},"end":{"line":16,"column":null}},"1":{"start":{"line":27,"column":0},"end":{"line":27,"column":46}},"2":{"start":{"line":36,"column":15},"end":{"line":36,"column":29}},"3":{"start":{"line":37,"column":2},"end":{"line":49,"column":null}},"4":{"start":{"line":38,"column":4},"end":{"line":38,"column":36}},"5":{"start":{"line":38,"column":29},"end":{"line":38,"column":36}},"6":{"start":{"line":39,"column":22},"end":{"line":39,"column":27}},"7":{"start":{"line":40,"column":4},"end":{"line":44,"column":6}},"8":{"start":{"line":42,"column":13},"end":{"line":42,"column":31}},"9":{"start":{"line":45,"column":4},"end":{"line":45,"column":27}},"10":{"start":{"line":45,"column":21},"end":{"line":45,"column":27}},"11":{"start":{"line":47,"column":4},"end":{"line":47,"column":29}},"12":{"start":{"line":48,"column":4},"end":{"line":48,"column":12}},"13":{"start":{"line":69,"column":29},"end":{"line":69,"column":31}},"14":{"start":{"line":71,"column":2},"end":{"line":88,"column":5}},"15":{"start":{"line":72,"column":4},"end":{"line":87,"column":7}},"16":{"start":{"line":73,"column":20},"end":{"line":73,"column":31}},"17":{"start":{"line":74,"column":6},"end":{"line":86,"column":null}},"18":{"start":{"line":75,"column":8},"end":{"line":75,"column":25}},"19":{"start":{"line":76,"column":13},"end":{"line":86,"column":null}},"20":{"start":{"line":81,"column":8},"end":{"line":81,"column":25}},"21":{"start":{"line":82,"column":8},"end":{"line":82,"column":20}},"22":{"start":{"line":85,"column":8},"end":{"line":85,"column":20}},"23":{"start":{"line":90,"column":2},"end":{"line":90,"column":15}},"24":{"start":{"line":93,"column":29},"end":{"line":168,"column":1}},"25":{"start":{"line":102,"column":15},"end":{"line":102,"column":34}},"26":{"start":{"line":103,"column":4},"end":{"line":103,"column":33}},"27":{"start":{"line":106,"column":2},"end":{"line":167,"column":null}},"28":{"start":{"line":108,"column":6},"end":{"line":108,"column":31}},"29":{"start":{"line":108,"column":21},"end":{"line":108,"column":31}},"30":{"start":{"line":110,"column":6},"end":{"line":118,"column":13}},"31":{"start":{"line":111,"column":22},"end":{"line":111,"column":33}},"32":{"start":{"line":112,"column":8},"end":{"line":112,"column":42}},"33":{"start":{"line":112,"column":31},"end":{"line":112,"column":42}},"34":{"start":{"line":114,"column":22},"end":{"line":114,"column":33}},"35":{"start":{"line":115,"column":8},"end":{"line":116,"column":25}},"36":{"start":{"line":116,"column":10},"end":{"line":116,"column":25}},"37":{"start":{"line":117,"column":8},"end":{"line":117,"column":19}},"38":{"start":{"line":122,"column":6},"end":{"line":130,"column":9}},"39":{"start":{"line":134,"column":6},"end":{"line":140,"column":9}},"40":{"start":{"line":144,"column":6},"end":{"line":152,"column":9}},"41":{"start":{"line":156,"column":6},"end":{"line":162,"column":9}},"42":{"start":{"line":166,"column":6},"end":{"line":166,"column":16}},"43":{"start":{"line":93,"column":13},"end":{"line":93,"column":29}},"44":{"start":{"line":170,"column":28},"end":{"line":216,"column":1}},"45":{"start":{"line":177,"column":15},"end":{"line":177,"column":69}},"46":{"start":{"line":179,"column":4},"end":{"line":179,"column":66}},"47":{"start":{"line":180,"column":21},"end":{"line":180,"column":50}},"48":{"start":{"line":182,"column":19},"end":{"line":192,"column":4}},"49":{"start":{"line":194,"column":25},"end":{"line":197,"column":4}},"50":{"start":{"line":198,"column":23},"end":{"line":213,"column":4}},"51":{"start":{"line":203,"column":37},"end":{"line":203,"column":72}},"52":{"start":{"line":207,"column":18},"end":{"line":207,"column":26}},"53":{"start":{"line":208,"column":4},"end":{"line":212,"column":6}},"54":{"start":{"line":215,"column":2},"end":{"line":215,"column":39}},"55":{"start":{"line":170,"column":13},"end":{"line":170,"column":28}},"56":{"start":{"line":223,"column":30},"end":{"line":223,"column":32}},"57":{"start":{"line":224,"column":2},"end":{"line":228,"column":null}},"58":{"start":{"line":224,"column":15},"end":{"line":224,"column":16}},"59":{"start":{"line":225,"column":17},"end":{"line":225,"column":39}},"60":{"start":{"line":226,"column":18},"end":{"line":226,"column":29}},"61":{"start":{"line":227,"column":4},"end":{"line":227,"column":65}},"62":{"start":{"line":227,"column":34},"end":{"line":227,"column":65}},"63":{"start":{"line":230,"column":2},"end":{"line":244,"column":null}},"64":{"start":{"line":230,"column":15},"end":{"line":230,"column":16}},"65":{"start":{"line":231,"column":4},"end":{"line":243,"column":6}},"66":{"start":{"line":237,"column":22},"end":{"line":237,"column":33}},"67":{"start":{"line":238,"column":8},"end":{"line":241,"column":38}},"68":{"start":{"line":239,"column":10},"end":{"line":239,"column":41}},"69":{"start":{"line":240,"column":10},"end":{"line":240,"column":22}},"70":{"start":{"line":241,"column":15},"end":{"line":241,"column":38}},"71":{"start":{"line":241,"column":26},"end":{"line":241,"column":38}},"72":{"start":{"line":246,"column":2},"end":{"line":271,"column":null}},"73":{"start":{"line":246,"column":15},"end":{"line":246,"column":16}},"74":{"start":{"line":247,"column":4},"end":{"line":270,"column":6}},"75":{"start":{"line":253,"column":22},"end":{"line":253,"column":33}},"76":{"start":{"line":255,"column":8},"end":{"line":268,"column":38}},"77":{"start":{"line":266,"column":10},"end":{"line":266,"column":41}},"78":{"start":{"line":267,"column":10},"end":{"line":267,"column":22}},"79":{"start":{"line":268,"column":15},"end":{"line":268,"column":38}},"80":{"start":{"line":268,"column":26},"end":{"line":268,"column":38}},"81":{"start":{"line":273,"column":2},"end":{"line":273,"column":47}},"82":{"start":{"line":218,"column":0},"end":{"line":218,"column":16}},"83":{"start":{"line":281,"column":21},"end":{"line":281,"column":50}},"84":{"start":{"line":282,"column":2},"end":{"line":289,"column":5}},"85":{"start":{"line":297,"column":30},"end":{"line":297,"column":32}},"86":{"start":{"line":298,"column":2},"end":{"line":315,"column":null}},"87":{"start":{"line":299,"column":22},"end":{"line":299,"column":39}},"88":{"start":{"line":300,"column":4},"end":{"line":314,"column":null}},"89":{"start":{"line":300,"column":17},"end":{"line":300,"column":18}},"90":{"start":{"line":302,"column":8},"end":{"line":310,"column":null}},"91":{"start":{"line":313,"column":6},"end":{"line":313,"column":49}},"92":{"start":{"line":313,"column":28},"end":{"line":313,"column":46}},"93":{"start":{"line":317,"column":2},"end":{"line":317,"column":18}},"94":{"start":{"line":328,"column":15},"end":{"line":328,"column":34}},"95":{"start":{"line":329,"column":2},"end":{"line":329,"column":23}},"96":{"start":{"line":331,"column":18},"end":{"line":331,"column":59}},"97":{"start":{"line":332,"column":24},"end":{"line":335,"column":null}},"98":{"start":{"line":338,"column":2},"end":{"line":358,"column":null}},"99":{"start":{"line":339,"column":58},"end":{"line":342,"column":6}},"100":{"start":{"line":344,"column":4},"end":{"line":357,"column":null}},"101":{"start":{"line":345,"column":6},"end":{"line":345,"column":31}},"102":{"start":{"line":345,"column":22},"end":{"line":345,"column":31}},"103":{"start":{"line":347,"column":6},"end":{"line":354,"column":17}},"104":{"start":{"line":350,"column":10},"end":{"line":350,"column":45}},"105":{"start":{"line":350,"column":33},"end":{"line":350,"column":45}},"106":{"start":{"line":351,"column":10},"end":{"line":351,"column":36}},"107":{"start":{"line":354,"column":8},"end":{"line":354,"column":17}},"108":{"start":{"line":356,"column":6},"end":{"line":356,"column":72}},"109":{"start":{"line":360,"column":2},"end":{"line":360,"column":56}},"110":{"start":{"line":360,"column":33},"end":{"line":360,"column":54}},"111":{"start":{"line":320,"column":0},"end":{"line":320,"column":16}},"112":{"start":{"line":367,"column":13},"end":{"line":367,"column":38}},"113":{"start":{"line":368,"column":13},"end":{"line":368,"column":38}},"114":{"start":{"line":369,"column":2},"end":{"line":369,"column":25}},"115":{"start":{"line":369,"column":18},"end":{"line":369,"column":25}},"116":{"start":{"line":371,"column":2},"end":{"line":374,"column":null}},"117":{"start":{"line":373,"column":4},"end":{"line":373,"column":57}},"118":{"start":{"line":376,"column":2},"end":{"line":378,"column":null}},"119":{"start":{"line":377,"column":4},"end":{"line":377,"column":44}},"120":{"start":{"line":381,"column":19},"end":{"line":381,"column":48}},"121":{"start":{"line":384,"column":4},"end":{"line":384,"column":65}},"122":{"start":{"line":386,"column":2},"end":{"line":386,"column":56}},"123":{"start":{"line":386,"column":49},"end":{"line":386,"column":56}},"124":{"start":{"line":388,"column":16},"end":{"line":388,"column":18}},"125":{"start":{"line":389,"column":2},"end":{"line":390,"column":25}},"126":{"start":{"line":389,"column":20},"end":{"line":389,"column":36}},"127":{"start":{"line":390,"column":7},"end":{"line":390,"column":25}},"128":{"start":{"line":391,"column":2},"end":{"line":392,"column":26}},"129":{"start":{"line":391,"column":20},"end":{"line":391,"column":40}},"130":{"start":{"line":392,"column":7},"end":{"line":392,"column":26}},"131":{"start":{"line":394,"column":2},"end":{"line":394,"column":24}},"132":{"start":{"line":403,"column":31},"end":{"line":403,"column":33}},"133":{"start":{"line":404,"column":2},"end":{"line":407,"column":5}},"134":{"start":{"line":405,"column":4},"end":{"line":405,"column":27}},"135":{"start":{"line":406,"column":4},"end":{"line":406,"column":30}},"136":{"start":{"line":408,"column":2},"end":{"line":408,"column":19}},"137":{"start":{"line":416,"column":14},"end":{"line":416,"column":44}},"138":{"start":{"line":417,"column":2},"end":{"line":417,"column":22}},"139":{"start":{"line":417,"column":12},"end":{"line":417,"column":22}},"140":{"start":{"line":419,"column":2},"end":{"line":422,"column":5}},"141":{"start":{"line":421,"column":4},"end":{"line":421,"column":51}},"142":{"start":{"line":421,"column":39},"end":{"line":421,"column":51}},"143":{"start":{"line":432,"column":19},"end":{"line":432,"column":50}},"144":{"start":{"line":433,"column":2},"end":{"line":433,"column":34}},"145":{"start":{"line":433,"column":17},"end":{"line":433,"column":34}},"146":{"start":{"line":435,"column":21},"end":{"line":435,"column":43}},"147":{"start":{"line":436,"column":23},"end":{"line":436,"column":45}},"148":{"start":{"line":438,"column":20},"end":{"line":438,"column":37}},"149":{"start":{"line":439,"column":15},"end":{"line":439,"column":20}},"150":{"start":{"line":440,"column":2},"end":{"line":454,"column":4}},"151":{"start":{"line":446,"column":6},"end":{"line":452,"column":25}},"152":{"start":{"line":450,"column":8},"end":{"line":450,"column":22}},"153":{"start":{"line":451,"column":8},"end":{"line":451,"column":20}},"154":{"start":{"line":452,"column":13},"end":{"line":452,"column":25}},"155":{"start":{"line":456,"column":2},"end":{"line":456,"column":40}},"156":{"start":{"line":468,"column":2},"end":{"line":468,"column":36}},"157":{"start":{"line":468,"column":26},"end":{"line":468,"column":36}},"158":{"start":{"line":470,"column":19},"end":{"line":470,"column":44}},"159":{"start":{"line":471,"column":20},"end":{"line":471,"column":65}},"160":{"start":{"line":473,"column":4},"end":{"line":475,"column":63}},"161":{"start":{"line":477,"column":2},"end":{"line":477,"column":39}},"162":{"start":{"line":477,"column":26},"end":{"line":477,"column":39}},"163":{"start":{"line":480,"column":16},"end":{"line":483,"column":null}},"164":{"start":{"line":486,"column":2},"end":{"line":486,"column":25}},"165":{"start":{"line":487,"column":2},"end":{"line":487,"column":41}},"166":{"start":{"line":487,"column":29},"end":{"line":487,"column":39}},"167":{"start":{"line":459,"column":0},"end":{"line":459,"column":16}},"168":{"start":{"line":498,"column":30},"end":{"line":498,"column":32}},"169":{"start":{"line":499,"column":19},"end":{"line":499,"column":35}},"170":{"start":{"line":500,"column":2},"end":{"line":524,"column":null}},"171":{"start":{"line":501,"column":22},"end":{"line":501,"column":39}},"172":{"start":{"line":502,"column":4},"end":{"line":523,"column":null}},"173":{"start":{"line":502,"column":17},"end":{"line":502,"column":18}},"174":{"start":{"line":504,"column":8},"end":{"line":519,"column":null}},"175":{"start":{"line":522,"column":6},"end":{"line":522,"column":49}},"176":{"start":{"line":522,"column":28},"end":{"line":522,"column":46}},"177":{"start":{"line":525,"column":2},"end":{"line":525,"column":18}},"178":{"start":{"line":490,"column":0},"end":{"line":490,"column":16}},"179":{"start":{"line":528,"column":13},"end":{"line":531,"column":2}}},"fnMap":{"0":{"name":"traverseAlongVector","decl":{"start":{"line":29,"column":9},"end":{"line":29,"column":28}},"loc":{"start":{"line":34,"column":71},"end":{"line":50,"column":1}}},"1":{"name":"(anonymous_1)","decl":{"start":{"line":42,"column":6},"end":{"line":42,"column":9}},"loc":{"start":{"line":42,"column":13},"end":{"line":42,"column":31}}},"2":{"name":"getLineMoves","decl":{"start":{"line":52,"column":9},"end":{"line":52,"column":21}},"loc":{"start":{"line":68,"column":1},"end":{"line":91,"column":1}}},"3":{"name":"(anonymous_3)","decl":{"start":{"line":71,"column":18},"end":{"line":71,"column":19}},"loc":{"start":{"line":71,"column":24},"end":{"line":88,"column":3}}},"4":{"name":"(anonymous_4)","decl":{"start":{"line":72,"column":48},"end":{"line":72,"column":49}},"loc":{"start":{"line":72,"column":68},"end":{"line":87,"column":5}}},"5":{"name":"(anonymous_5)","decl":{"start":{"line":93,"column":29},"end":{"line":93,"column":null}},"loc":{"start":{"line":100,"column":17},"end":{"line":168,"column":1}}},"6":{"name":"filterOutPinVector","decl":{"start":{"line":101,"column":11},"end":{"line":101,"column":29}},"loc":{"start":{"line":101,"column":39},"end":{"line":104,"column":3}}},"7":{"name":"(anonymous_7)","decl":{"start":{"line":110,"column":46},"end":{"line":110,"column":47}},"loc":{"start":{"line":110,"column":60},"end":{"line":118,"column":7}}},"8":{"name":"(anonymous_8)","decl":{"start":{"line":170,"column":28},"end":{"line":170,"column":null}},"loc":{"start":{"line":176,"column":4},"end":{"line":216,"column":1}}},"9":{"name":"(anonymous_9)","decl":{"start":{"line":203,"column":30},"end":{"line":203,"column":31}},"loc":{"start":{"line":203,"column":37},"end":{"line":203,"column":72}}},"10":{"name":"(anonymous_10)","decl":{"start":{"line":206,"column":12},"end":{"line":206,"column":13}},"loc":{"start":{"line":206,"column":18},"end":{"line":213,"column":3}}},"11":{"name":"getChecks","decl":{"start":{"line":218,"column":16},"end":{"line":218,"column":25}},"loc":{"start":{"line":221,"column":14},"end":{"line":274,"column":1}}},"12":{"name":"(anonymous_12)","decl":{"start":{"line":236,"column":6},"end":{"line":236,"column":7}},"loc":{"start":{"line":236,"column":26},"end":{"line":242,"column":7}}},"13":{"name":"(anonymous_13)","decl":{"start":{"line":252,"column":6},"end":{"line":252,"column":7}},"loc":{"start":{"line":252,"column":36},"end":{"line":269,"column":7}}},"14":{"name":"getSquaresControlledByPawn","decl":{"start":{"line":276,"column":9},"end":{"line":276,"column":35}},"loc":{"start":{"line":279,"column":17},"end":{"line":290,"column":1}}},"15":{"name":"getSquaresControlledBy","decl":{"start":{"line":292,"column":9},"end":{"line":292,"column":31}},"loc":{"start":{"line":295,"column":20},"end":{"line":318,"column":1}}},"16":{"name":"(anonymous_16)","decl":{"start":{"line":313,"column":20},"end":{"line":313,"column":21}},"loc":{"start":{"line":313,"column":28},"end":{"line":313,"column":46}}},"17":{"name":"getLegalKingMoves","decl":{"start":{"line":320,"column":16},"end":{"line":320,"column":33}},"loc":{"start":{"line":325,"column":14},"end":{"line":361,"column":1}}},"18":{"name":"(anonymous_18)","decl":{"start":{"line":349,"column":46},"end":{"line":349,"column":47}},"loc":{"start":{"line":349,"column":52},"end":{"line":352,"column":9}}},"19":{"name":"(anonymous_19)","decl":{"start":{"line":360,"column":26},"end":{"line":360,"column":27}},"loc":{"start":{"line":360,"column":33},"end":{"line":360,"column":54}}},"20":{"name":"getDirOfS1FromS2","decl":{"start":{"line":363,"column":9},"end":{"line":363,"column":25}},"loc":{"start":{"line":363,"column":60},"end":{"line":395,"column":1}}},"21":{"name":"getSquaresAlongDir","decl":{"start":{"line":397,"column":9},"end":{"line":397,"column":27}},"loc":{"start":{"line":401,"column":55},"end":{"line":409,"column":1}}},"22":{"name":"(anonymous_22)","decl":{"start":{"line":404,"column":58},"end":{"line":404,"column":59}},"loc":{"start":{"line":404,"column":78},"end":{"line":407,"column":3}}},"23":{"name":"getSquaresBetweenTwoSquares","decl":{"start":{"line":411,"column":9},"end":{"line":411,"column":36}},"loc":{"start":{"line":414,"column":18},"end":{"line":423,"column":1}}},"24":{"name":"(anonymous_24)","decl":{"start":{"line":419,"column":56},"end":{"line":419,"column":57}},"loc":{"start":{"line":419,"column":76},"end":{"line":422,"column":3}}},"25":{"name":"isPiecePinned","decl":{"start":{"line":425,"column":9},"end":{"line":425,"column":22}},"loc":{"start":{"line":429,"column":14},"end":{"line":457,"column":1}}},"26":{"name":"(anonymous_26)","decl":{"start":{"line":445,"column":4},"end":{"line":445,"column":5}},"loc":{"start":{"line":445,"column":24},"end":{"line":453,"column":5}}},"27":{"name":"getLegalPieceMoves","decl":{"start":{"line":459,"column":16},"end":{"line":459,"column":34}},"loc":{"start":{"line":466,"column":23},"end":{"line":488,"column":1}}},"28":{"name":"(anonymous_28)","decl":{"start":{"line":487,"column":22},"end":{"line":487,"column":23}},"loc":{"start":{"line":487,"column":29},"end":{"line":487,"column":39}}},"29":{"name":"getMovesForColor","decl":{"start":{"line":490,"column":16},"end":{"line":490,"column":32}},"loc":{"start":{"line":496,"column":20},"end":{"line":526,"column":1}}},"30":{"name":"(anonymous_30)","decl":{"start":{"line":522,"column":20},"end":{"line":522,"column":21}},"loc":{"start":{"line":522,"column":28},"end":{"line":522,"column":46}}}},"branchMap":{"0":{"loc":{"start":{"line":38,"column":4},"end":{"line":38,"column":36}},"type":"if","locations":[{"start":{"line":38,"column":4},"end":{"line":38,"column":36}}]},"1":{"loc":{"start":{"line":45,"column":4},"end":{"line":45,"column":27}},"type":"if","locations":[{"start":{"line":45,"column":4},"end":{"line":45,"column":27}}]},"2":{"loc":{"start":{"line":57,"column":2},"end":{"line":57,"column":22}},"type":"default-arg","locations":[{"start":{"line":57,"column":10},"end":{"line":57,"column":22}}]},"3":{"loc":{"start":{"line":58,"column":2},"end":{"line":58,"column":19}},"type":"default-arg","locations":[{"start":{"line":58,"column":15},"end":{"line":58,"column":19}}]},"4":{"loc":{"start":{"line":59,"column":2},"end":{"line":59,"column":26}},"type":"default-arg","locations":[{"start":{"line":59,"column":21},"end":{"line":59,"column":26}}]},"5":{"loc":{"start":{"line":74,"column":6},"end":{"line":86,"column":null}},"type":"if","locations":[{"start":{"line":74,"column":6},"end":{"line":86,"column":null}},{"start":{"line":76,"column":13},"end":{"line":86,"column":null}}]},"6":{"loc":{"start":{"line":76,"column":13},"end":{"line":86,"column":null}},"type":"if","locations":[{"start":{"line":76,"column":13},"end":{"line":86,"column":null}},{"start":{"line":83,"column":13},"end":{"line":86,"column":null}}]},"7":{"loc":{"start":{"line":78,"column":8},"end":{"line":79,"column":64}},"type":"binary-expr","locations":[{"start":{"line":78,"column":8},"end":{"line":78,"column":13}},{"start":{"line":79,"column":9},"end":{"line":79,"column":25}},{"start":{"line":79,"column":30},"end":{"line":79,"column":40}},{"start":{"line":79,"column":44},"end":{"line":79,"column":62}}]},"8":{"loc":{"start":{"line":103,"column":11},"end":{"line":103,"column":32}},"type":"binary-expr","locations":[{"start":{"line":103,"column":11},"end":{"line":103,"column":19}},{"start":{"line":103,"column":23},"end":{"line":103,"column":32}}]},"9":{"loc":{"start":{"line":106,"column":2},"end":{"line":167,"column":null}},"type":"switch","locations":[{"start":{"line":107,"column":4},"end":{"line":119,"column":null}},{"start":{"line":121,"column":4},"end":{"line":131,"column":null}},{"start":{"line":133,"column":4},"end":{"line":141,"column":null}},{"start":{"line":143,"column":4},"end":{"line":153,"column":null}},{"start":{"line":155,"column":4},"end":{"line":163,"column":null}},{"start":{"line":165,"column":4},"end":{"line":166,"column":16}}]},"10":{"loc":{"start":{"line":108,"column":6},"end":{"line":108,"column":31}},"type":"if","locations":[{"start":{"line":108,"column":6},"end":{"line":108,"column":31}}]},"11":{"loc":{"start":{"line":112,"column":8},"end":{"line":112,"column":42}},"type":"if","locations":[{"start":{"line":112,"column":8},"end":{"line":112,"column":42}}]},"12":{"loc":{"start":{"line":115,"column":8},"end":{"line":116,"column":25}},"type":"if","locations":[{"start":{"line":115,"column":8},"end":{"line":116,"column":25}}]},"13":{"loc":{"start":{"line":115,"column":12},"end":{"line":115,"column":71}},"type":"binary-expr","locations":[{"start":{"line":115,"column":12},"end":{"line":115,"column":18}},{"start":{"line":115,"column":22},"end":{"line":115,"column":38}},{"start":{"line":115,"column":43},"end":{"line":115,"column":48}},{"start":{"line":115,"column":52},"end":{"line":115,"column":70}}]},"14":{"loc":{"start":{"line":126,"column":17},"end":{"line":128,"column":28}},"type":"cond-expr","locations":[{"start":{"line":127,"column":12},"end":{"line":127,"column":55}},{"start":{"line":128,"column":12},"end":{"line":128,"column":28}}]},"15":{"loc":{"start":{"line":137,"column":17},"end":{"line":137,"column":79}},"type":"cond-expr","locations":[{"start":{"line":137,"column":29},"end":{"line":137,"column":66}},{"start":{"line":137,"column":69},"end":{"line":137,"column":79}}]},"16":{"loc":{"start":{"line":147,"column":17},"end":{"line":149,"column":23}},"type":"cond-expr","locations":[{"start":{"line":148,"column":12},"end":{"line":148,"column":50}},{"start":{"line":149,"column":12},"end":{"line":149,"column":23}}]},"17":{"loc":{"start":{"line":179,"column":4},"end":{"line":179,"column":66}},"type":"binary-expr","locations":[{"start":{"line":179,"column":5},"end":{"line":179,"column":18}},{"start":{"line":179,"column":22},"end":{"line":179,"column":32}},{"start":{"line":179,"column":38},"end":{"line":179,"column":51}},{"start":{"line":179,"column":55},"end":{"line":179,"column":65}}]},"18":{"loc":{"start":{"line":180,"column":21},"end":{"line":180,"column":50}},"type":"cond-expr","locations":[{"start":{"line":180,"column":37},"end":{"line":180,"column":41}},{"start":{"line":180,"column":44},"end":{"line":180,"column":50}}]},"19":{"loc":{"start":{"line":186,"column":6},"end":{"line":188,"column":31}},"type":"cond-expr","locations":[{"start":{"line":187,"column":10},"end":{"line":187,"column":12}},{"start":{"line":188,"column":10},"end":{"line":188,"column":31}}]},"20":{"loc":{"start":{"line":186,"column":6},"end":{"line":186,"column":72}},"type":"binary-expr","locations":[{"start":{"line":186,"column":6},"end":{"line":186,"column":15}},{"start":{"line":186,"column":19},"end":{"line":186,"column":72}}]},"21":{"loc":{"start":{"line":190,"column":11},"end":{"line":190,"column":28}},"type":"cond-expr","locations":[{"start":{"line":190,"column":23},"end":{"line":190,"column":24}},{"start":{"line":190,"column":27},"end":{"line":190,"column":28}}]},"22":{"loc":{"start":{"line":202,"column":13},"end":{"line":204,"column":22}},"type":"cond-expr","locations":[{"start":{"line":203,"column":8},"end":{"line":203,"column":73}},{"start":{"line":204,"column":8},"end":{"line":204,"column":22}}]},"23":{"loc":{"start":{"line":203,"column":37},"end":{"line":203,"column":72}},"type":"binary-expr","locations":[{"start":{"line":203,"column":37},"end":{"line":203,"column":52}},{"start":{"line":203,"column":56},"end":{"line":203,"column":72}}]},"24":{"loc":{"start":{"line":209,"column":6},"end":{"line":211,"column":35}},"type":"binary-expr","locations":[{"start":{"line":209,"column":6},"end":{"line":209,"column":21}},{"start":{"line":211,"column":7},"end":{"line":211,"column":12}},{"start":{"line":211,"column":16},"end":{"line":211,"column":34}}]},"25":{"loc":{"start":{"line":227,"column":4},"end":{"line":227,"column":65}},"type":"if","locations":[{"start":{"line":227,"column":4},"end":{"line":227,"column":65}}]},"26":{"loc":{"start":{"line":238,"column":8},"end":{"line":241,"column":38}},"type":"if","locations":[{"start":{"line":238,"column":8},"end":{"line":241,"column":38}},{"start":{"line":241,"column":15},"end":{"line":241,"column":38}}]},"27":{"loc":{"start":{"line":238,"column":12},"end":{"line":238,"column":64}},"type":"binary-expr","locations":[{"start":{"line":238,"column":12},"end":{"line":238,"column":36}},{"start":{"line":238,"column":40},"end":{"line":238,"column":64}}]},"28":{"loc":{"start":{"line":241,"column":15},"end":{"line":241,"column":38}},"type":"if","locations":[{"start":{"line":241,"column":15},"end":{"line":241,"column":38}}]},"29":{"loc":{"start":{"line":255,"column":8},"end":{"line":268,"column":38}},"type":"if","locations":[{"start":{"line":255,"column":8},"end":{"line":268,"column":38}},{"start":{"line":268,"column":15},"end":{"line":268,"column":38}}]},"30":{"loc":{"start":{"line":256,"column":10},"end":{"line":264,"column":41}},"type":"binary-expr","locations":[{"start":{"line":256,"column":10},"end":{"line":256,"column":34}},{"start":{"line":257,"column":10},"end":{"line":257,"column":34}},{"start":{"line":259,"column":11},"end":{"line":259,"column":35}},{"start":{"line":260,"column":12},"end":{"line":260,"column":26}},{"start":{"line":262,"column":13},"end":{"line":264,"column":39}}]},"31":{"loc":{"start":{"line":262,"column":13},"end":{"line":264,"column":39}},"type":"cond-expr","locations":[{"start":{"line":263,"column":16},"end":{"line":263,"column":39}},{"start":{"line":264,"column":16},"end":{"line":264,"column":39}}]},"32":{"loc":{"start":{"line":268,"column":15},"end":{"line":268,"column":38}},"type":"if","locations":[{"start":{"line":268,"column":15},"end":{"line":268,"column":38}}]},"33":{"loc":{"start":{"line":281,"column":21},"end":{"line":281,"column":50}},"type":"cond-expr","locations":[{"start":{"line":281,"column":37},"end":{"line":281,"column":41}},{"start":{"line":281,"column":44},"end":{"line":281,"column":50}}]},"34":{"loc":{"start":{"line":302,"column":8},"end":{"line":310,"column":null}},"type":"cond-expr","locations":[{"start":{"line":303,"column":12},"end":{"line":303,"column":69}},{"start":{"line":304,"column":12},"end":{"line":310,"column":null}}]},"35":{"loc":{"start":{"line":338,"column":2},"end":{"line":358,"column":null}},"type":"if","locations":[{"start":{"line":338,"column":2},"end":{"line":358,"column":null}}]},"36":{"loc":{"start":{"line":345,"column":6},"end":{"line":345,"column":31}},"type":"if","locations":[{"start":{"line":345,"column":6},"end":{"line":345,"column":31}}]},"37":{"loc":{"start":{"line":347,"column":6},"end":{"line":354,"column":17}},"type":"if","locations":[{"start":{"line":347,"column":6},"end":{"line":354,"column":17}}]},"38":{"loc":{"start":{"line":350,"column":10},"end":{"line":350,"column":45}},"type":"if","locations":[{"start":{"line":350,"column":10},"end":{"line":350,"column":45}}]},"39":{"loc":{"start":{"line":369,"column":2},"end":{"line":369,"column":25}},"type":"if","locations":[{"start":{"line":369,"column":2},"end":{"line":369,"column":25}}]},"40":{"loc":{"start":{"line":369,"column":6},"end":{"line":369,"column":16}},"type":"binary-expr","locations":[{"start":{"line":369,"column":6},"end":{"line":369,"column":9}},{"start":{"line":369,"column":13},"end":{"line":369,"column":16}}]},"41":{"loc":{"start":{"line":371,"column":2},"end":{"line":374,"column":null}},"type":"if","locations":[{"start":{"line":371,"column":2},"end":{"line":374,"column":null}}]},"42":{"loc":{"start":{"line":373,"column":11},"end":{"line":373,"column":56}},"type":"cond-expr","locations":[{"start":{"line":373,"column":43},"end":{"line":373,"column":47}},{"start":{"line":373,"column":50},"end":{"line":373,"column":56}}]},"43":{"loc":{"start":{"line":376,"column":2},"end":{"line":378,"column":null}},"type":"if","locations":[{"start":{"line":376,"column":2},"end":{"line":378,"column":null}}]},"44":{"loc":{"start":{"line":377,"column":11},"end":{"line":377,"column":43}},"type":"cond-expr","locations":[{"start":{"line":377,"column":27},"end":{"line":377,"column":34}},{"start":{"line":377,"column":37},"end":{"line":377,"column":43}}]},"45":{"loc":{"start":{"line":386,"column":2},"end":{"line":386,"column":56}},"type":"if","locations":[{"start":{"line":386,"column":2},"end":{"line":386,"column":56}}]},"46":{"loc":{"start":{"line":389,"column":2},"end":{"line":390,"column":25}},"type":"if","locations":[{"start":{"line":389,"column":2},"end":{"line":390,"column":25}},{"start":{"line":390,"column":7},"end":{"line":390,"column":25}}]},"47":{"loc":{"start":{"line":391,"column":2},"end":{"line":392,"column":26}},"type":"if","locations":[{"start":{"line":391,"column":2},"end":{"line":392,"column":26}},{"start":{"line":392,"column":7},"end":{"line":392,"column":26}}]},"48":{"loc":{"start":{"line":406,"column":4},"end":{"line":406,"column":29}},"type":"binary-expr","locations":[{"start":{"line":406,"column":4},"end":{"line":406,"column":6}},{"start":{"line":406,"column":10},"end":{"line":406,"column":29}}]},"49":{"loc":{"start":{"line":417,"column":2},"end":{"line":417,"column":22}},"type":"if","locations":[{"start":{"line":417,"column":2},"end":{"line":417,"column":22}}]},"50":{"loc":{"start":{"line":421,"column":4},"end":{"line":421,"column":51}},"type":"if","locations":[{"start":{"line":421,"column":4},"end":{"line":421,"column":51}}]},"51":{"loc":{"start":{"line":433,"column":2},"end":{"line":433,"column":34}},"type":"if","locations":[{"start":{"line":433,"column":2},"end":{"line":433,"column":34}}]},"52":{"loc":{"start":{"line":436,"column":23},"end":{"line":436,"column":45}},"type":"cond-expr","locations":[{"start":{"line":436,"column":36},"end":{"line":436,"column":39}},{"start":{"line":436,"column":42},"end":{"line":436,"column":45}}]},"53":{"loc":{"start":{"line":446,"column":6},"end":{"line":452,"column":25}},"type":"if","locations":[{"start":{"line":446,"column":6},"end":{"line":452,"column":25}},{"start":{"line":452,"column":13},"end":{"line":452,"column":25}}]},"54":{"loc":{"start":{"line":447,"column":8},"end":{"line":448,"column":38}},"type":"binary-expr","locations":[{"start":{"line":447,"column":8},"end":{"line":447,"column":52}},{"start":{"line":448,"column":8},"end":{"line":448,"column":38}}]},"55":{"loc":{"start":{"line":456,"column":9},"end":{"line":456,"column":39}},"ty
[...]
start":{"line":519,"column":27},"end":{"line":519,"column":36}}]}},"s":{"0":1,"1":1,"2":393,"3":393,"4":567,"5":148,"6":419,"7":419,"8":195,"9":419,"10":195,"11":224,"12":224,"13":57,"14":57,"15":181,"16":210,"17":210,"18":141,"19":69,"20":37,"21":37,"22":32,"23":57,"24":1,"25":0,"26":0,"27":31,"28":7,"29":0,"30":7,"31":56,"32":56,"33":25,"34":31,"35":31,"36":28,"37":31,"38":8,"39":9,"40":3,"41":4,"42":0,"43":1,"44":1,"45":9,"46":9,"47":9,"48":9,"49":9,"50":9,"51":0,"52":16,"53":16,"54":9,"55":1,"56":24,"57":24,"58":24,"59":192,"60":192,"61":192,"62":0,"63":24,"64":24,"65":96,"66":113,"67":113,"68":0,"69":0,"70":113,"71":65,"72":24,"73":24,"74":96,"75":78,"76":78,"77":0,"78":0,"79":78,"80":43,"81":24,"82":1,"83":15,"84":15,"85":2,"86":2,"87":12,"88":12,"89":12,"90":29,"91":29,"92":108,"93":2,"94":2,"95":2,"96":2,"97":2,"98":2,"99":2,"100":2,"101":4,"102":0,"103":4,"104":7,"105":1,"106":6,"107":1,"108":3,"109":2,"110":7,"111":1,"112":24,"113":24,"114":24,"115":0,"116":24,"117":5,"118":19,"119":12,"120":7,"121":7,"122":7,"123":4,"124":3,"125":3,"126":1,"127":2,"128":3,"129":0,"130":3,"131":3,"132":0,"133":0,"134":0,"135":0,"136":0,"137":0,"138":0,"139":0,"140":0,"141":0,"142":0,"143":24,"144":24,"145":4,"146":20,"147":20,"148":20,"149":20,"150":20,"151":18,"152":0,"153":0,"154":18,"155":20,"156":24,"157":0,"158":24,"159":24,"160":24,"161":24,"162":24,"163":0,"164":0,"165":0,"166":0,"167":1,"168":0,"169":0,"170":0,"171":0,"172":0,"173":0,"174":0,"175":0,"176":0,"177":0,"178":1,"179":1},"f":{"0":393,"1":195,"2":57,"3":181,"4":210,"5":31,"6":0,"7":56,"8":9,"9":0,"10":16,"11":24,"12":113,"13":78,"14":15,"15":2,"16":108,"17":2,"18":7,"19":7,"20":24,"21":0,"22":0,"23":0,"24":0,"25":24,"26":18,"27":24,"28":0,"29":0,"30":0},"b":{"0":[148],"1":[195],"2":[20],"3":[48],"4":[33],"5":[141,69],"6":[37,32],"7":[69,69,40,40],"8":[0,0],"9":[7,8,9,3,4,0],"10":[0],"11":[25],"12":[28],"13":[31,13,3,3],"14":[0,8],"15":[0,9],"16":[0,3],"17":[9,6,5,3],"18":[6,3],"19":[0,9],"20":[9,0],"21":[7,2],"22":[0,9],"23":[0,0],"24":[16,16,3],"25":[0],"26":[0,113],"27":[113,113],"28":[65],"29":[0,78],"30":[78,78,78,0,0],"31":[0,0],"32":[43],"33":[8,7],"34":[15,14],"35":[2],"36":[0],"37":[1],"38":[1],"39":[0],"40":[24,24],"41":[5],"42":[3,2],"43":[12],"44":[5,7],"45":[4],"46":[1,2],"47":[0,3],"48":[0,0],"49":[0],"50":[0],"51":[4],"52":[3,17],"53":[0,18],"54":[18,18],"55":[0,20],"56":[0],"57":[12,12],"58":[9,15],"59":[24],"60":[0,0],"61":[0,0]}}
,"/home/alex/the_odin_project/chess/api/src/utils/pieceMap.ts": {"path":"/home/alex/the_odin_project/chess/api/src/utils/pieceMap.ts","statementMap":{"0":{"start":{"line":11,"column":2},"end":{"line":11,"column":40}},"1":{"start":{"line":10,"column":0},"end":{"line":10,"column":16}},"2":{"start":{"line":15,"column":2},"end":{"line":25,"column":25}},"3":{"start":{"line":16,"column":4},"end":{"line":16,"column":27}},"4":{"start":{"line":16,"column":16},"end":{"line":16,"column":27}},"5":{"start":{"line":18,"column":25},"end":{"line":18,"column":71}},"6":{"start":{"line":19,"column":4},"end":{"line":22,"column":77}},"7":{"start":{"line":20,"column":6},"end":{"line":20,"column":40}},"8":{"start":{"line":21,"column":6},"end":{"line":21,"column":26}},"9":{"start":{"line":22,"column":11},"end":{"line":22,"column":77}},"10":{"start":{"line":24,"column":4},"end":{"line":24,"column":15}},"11":{"start":{"line":14,"column":0},"end":{"line":14,"column":16}},"12":{"start":{"line":33,"column":2},"end":{"line":36,"column":70}},"13":{"start":{"line":34,"column":4},"end":{"line":34,"column":68}},"14":{"start":{"line":35,"column":4},"end":{"line":35,"column":64}},"15":{"start":{"line":36,"column":9},"end":{"line":36,"column":70}},"16":{"start":{"line":28,"column":0},"end":{"line":28,"column":16}},"17":{"start":{"line":45,"column":23},"end":{"line":45,"column":74}},"18":{"start":{"line":46,"column":2},"end":{"line":52,"column":6}},"19":{"start":{"line":47,"column":4},"end":{"line":52,"column":6}},"20":{"start":{"line":49,"column":8},"end":{"line":49,"column":34}},"21":{"start":{"line":49,"column":25},"end":{"line":49,"column":34}},"22":{"start":{"line":50,"column":8},"end":{"line":50,"column":19}},"23":{"start":{"line":39,"column":0},"end":{"line":39,"column":16}},"24":{"start":{"line":60,"column":23},"end":{"line":60,"column":74}},"25":{"start":{"line":61,"column":2},"end":{"line":64,"column":6}},"26":{"start":{"line":62,"column":4},"end":{"line":64,"column":6}},"27":{"start":{"line":63,"column":13},"end":{"line":63,"column":28}},"28":{"start":{"line":66,"column":2},"end":{"line":67,"column":63}},"29":{"start":{"line":67,"column":4},"end":{"line":67,"column":63}},"30":{"start":{"line":55,"column":0},"end":{"line":55,"column":16}}},"fnMap":{"0":{"name":"getEmptyPieceMap","decl":{"start":{"line":10,"column":16},"end":{"line":10,"column":32}},"loc":{"start":{"line":10,"column":32},"end":{"line":12,"column":1}}},"1":{"name":"buildPieceMap","decl":{"start":{"line":14,"column":16},"end":{"line":14,"column":29}},"loc":{"start":{"line":14,"column":42},"end":{"line":26,"column":1}}},"2":{"name":"(anonymous_2)","decl":{"start":{"line":15,"column":35},"end":{"line":15,"column":36}},"loc":{"start":{"line":15,"column":53},"end":{"line":25,"column":3}}},"3":{"name":"pushToPieceMap","decl":{"start":{"line":28,"column":16},"end":{"line":28,"column":30}},"loc":{"start":{"line":31,"column":17},"end":{"line":37,"column":1}}},"4":{"name":"moveInPieceMap","decl":{"start":{"line":39,"column":16},"end":{"line":39,"column":30}},"loc":{"start":{"line":43,"column":16},"end":{"line":53,"column":1}}},"5":{"name":"(anonymous_5)","decl":{"start":{"line":48,"column":6},"end":{"line":48,"column":7}},"loc":{"start":{"line":48,"column":12},"end":{"line":51,"column":7}}},"6":{"name":"removeFromPieceMap","decl":{"start":{"line":55,"column":16},"end":{"line":55,"column":34}},"loc":{"start":{"line":58,"column":22},"end":{"line":68,"column":1}}},"7":{"name":"(anonymous_7)","decl":{"start":{"line":63,"column":6},"end":{"line":63,"column":7}},"loc":{"start":{"line":63,"column":13},"end":{"line":63,"column":28}}}},"branchMap":{"0":{"loc":{"start":{"line":16,"column":4},"end":{"line":16,"column":27}},"type":"if","locations":[{"start":{"line":16,"column":4},"end":{"line":16,"column":27}}]},"1":{"loc":{"start":{"line":19,"column":4},"end":{"line":22,"column":77}},"type":"if","locations":[{"start":{"line":19,"column":4},"end":{"line":22,"column":77}},{"start":{"line":22,"column":11},"end":{"line":22,"column":77}}]},"2":{"loc":{"start":{"line":33,"column":2},"end":{"line":36,"column":70}},"type":"if","locations":[{"start":{"line":33,"column":2},"end":{"line":36,"column":70}},{"start":{"line":36,"column":9},"end":{"line":36,"column":70}}]},"3":{"loc":{"start":{"line":34,"column":4},"end":{"line":34,"column":67}},"type":"cond-expr","locations":[{"start":{"line":34,"column":55},"end":{"line":34,"column":57}},{"start":{"line":34,"column":55},"end":{"line":34,"column":67}}]},"4":{"loc":{"start":{"line":34,"column":4},"end":{"line":34,"column":57}},"type":"binary-expr","locations":[{"start":{"line":34,"column":4},"end":{"line":34,"column":57}},{"start":{"line":34,"column":55},"end":{"line":34,"column":57}}]},"5":{"loc":{"start":{"line":35,"column":4},"end":{"line":35,"column":63}},"type":"cond-expr","locations":[{"start":{"line":35,"column":55},"end":{"line":35,"column":57}},{"start":{"line":35,"column":55},"end":{"line":35,"column":63}}]},"6":{"loc":{"start":{"line":35,"column":4},"end":{"line":35,"column":57}},"type":"binary-expr","locations":[{"start":{"line":35,"column":4},"end":{"line":35,"column":57}},{"start":{"line":35,"column":55},"end":{"line":35,"column":57}}]},"7":{"loc":{"start":{"line":46,"column":2},"end":{"line":52,"column":6}},"type":"if","locations":[{"start":{"line":46,"column":2},"end":{"line":52,"column":6}}]},"8":{"loc":{"start":{"line":49,"column":8},"end":{"line":49,"column":34}},"type":"if","locations":[{"start":{"line":49,"column":8},"end":{"line":49,"column":34}}]},"9":{"loc":{"start":{"line":61,"column":2},"end":{"line":64,"column":6}},"type":"if","locations":[{"start":{"line":61,"column":2},"end":{"line":64,"column":6}}]},"10":{"loc":{"start":{"line":66,"column":2},"end":{"line":67,"column":63}},"type":"if","locations":[{"start":{"line":66,"column":2},"end":{"line":67,"column":63}}]},"11":{"loc":{"start":{"line":66,"column":7},"end":{"line":66,"column":66}},"type":"cond-expr","locations":[{"start":{"line":66,"column":58},"end":{"line":66,"column":60}},{"start":{"line":66,"column":58},"end":{"line":66,"column":66}}]},"12":{"loc":{"start":{"line":66,"column":7},"end":{"line":66,"column":60}},"type":"binary-expr","locations":[{"start":{"line":66,"column":7},"end":{"line":66,"column":60}},{"start":{"line":66,"column":58},"end":{"line":66,"column":60}}]}},"s":{"0":4,"1":1,"2":0,"3":0,"4":0,"5":0,"6":0,"7":0,"8":0,"9":0,"10":0,"11":1,"12":0,"13":0,"14":0,"15":0,"16":1,"17":0,"18":0,"19":0,"20":0,"21":0,"22":0,"23":1,"24":0,"25":0,"26":0,"27":0,"28":0,"29":0,"30":1},"f":{"0":4,"1":0,"2":0,"3":0,"4":0,"5":0,"6":0,"7":0},"b":{"0":[0],"1":[0,0],"2":[0,0],"3":[0,0],"4":[0,0],"5":[0,0],"6":[0,0],"7":[0],"8":[0],"9":[0],"10":[0],"11":[0,0],"12":[0,0]}}
,"/home/alex/the_odin_project/chess/api/src/utils/square.ts": {"path":"/home/alex/the_odin_project/chess/api/src/utils/square.ts","statementMap":{"0":{"start":{"line":2,"column":0},"end":{"line":2,"column":61}},"1":{"start":{"line":5,"column":2},"end":{"line":7,"column":4}},"2":{"start":{"line":4,"column":0},"end":{"line":4,"column":16}},"3":{"start":{"line":11,"column":15},"end":{"line":11,"column":37}},"4":{"start":{"line":12,"column":15},"end":{"line":12,"column":41}},"5":{"start":{"line":13,"column":16},"end":{"line":13,"column":51}},"6":{"start":{"line":17,"column":2},"end":{"line":17,"column":26}},"7":{"start":{"line":10,"column":0},"end":{"line":10,"column":16}}},"fnMap":{"0":{"name":"convertSquareToIdx","decl":{"start":{"line":4,"column":16},"end":{"line":4,"column":34}},"loc":{"start":{"line":4,"column":49},"end":{"line":8,"column":1}}},"1":{"name":"convertIdxToSquare","decl":{"start":{"line":10,"column":16},"end":{"line":10,"column":34}},"loc":{"start":{"line":10,"column":49},"end":{"line":18,"column":1}}}},"branchMap":{},"s":{"0":1,"1":53,"2":1,"3":48,"4":48,"5":48,"6":48,"7":1},"f":{"0":53,"1":48},"b":{}}
,"/home/alex/the_odin_project/chess/api/src/utils/typeCheck.ts": {"path":"/home/alex/the_odin_project/chess/api/src/utils/typeCheck.ts","statementMap":{"0":{"start":{"line":9,"column":0},"end":{"line":9,"column":null}},"1":{"start":{"line":18,"column":2},"end":{"line":18,"column":42}},"2":{"start":{"line":17,"column":0},"end":{"line":17,"column":16}},"3":{"start":{"line":22,"column":2},"end":{"line":22,"column":41}},"4":{"start":{"line":22,"column":29},"end":{"line":22,"column":39}},"5":{"start":{"line":21,"column":0},"end":{"line":21,"column":16}},"6":{"start":{"line":26,"column":2},"end":{"line":26,"column":33}},"7":{"start":{"line":26,"column":21},"end":{"line":26,"column":33}},"8":{"start":{"line":27,"column":2},"end":{"line":27,"column":34}},"9":{"start":{"line":27,"column":21},"end":{"line":27,"column":34}},"10":{"start":{"line":28,"column":2},"end":{"line":28,"column":37}},"11":{"start":{"line":28,"column":24},"end":{"line":28,"column":37}},"12":{"start":{"line":29,"column":2},"end":{"line":29,"column":39}},"13":{"start":{"line":29,"column":26},"end":{"line":29,"column":39}},"14":{"start":{"line":30,"column":2},"end":{"line":30,"column":60}},"15":{"start":{"line":30,"column":47},"end":{"line":30,"column":60}},"16":{"start":{"line":31,"column":2},"end":{"line":31,"column":45}},"17":{"start":{"line":31,"column":32},"end":{"line":31,"column":45}},"18":{"start":{"line":32,"column":2},"end":{"line":32,"column":14}},"19":{"start":{"line":25,"column":0},"end":{"line":25,"column":16}},"20":{"start":{"line":36,"column":2},"end":{"line":36,"column":41}},"21":{"start":{"line":35,"column":0},"end":{"line":35,"column":16}},"22":{"start":{"line":40,"column":23},"end":{"line":40,"column":48}},"23":{"start":{"line":42,"column":42},"end":{"line":42,"column":44}},"24":{"start":{"line":43,"column":2},"end":{"line":46,"column":null}},"25":{"start":{"line":43,"column":15},"end":{"line":43,"column":16}},"26":{"start":{"line":44,"column":4},"end":{"line":44,"column":52}},"27":{"start":{"line":44,"column":45},"end":{"line":44,"column":52}},"28":{"start":{"line":45,"column":4},"end":{"line":45,"column":37}},"29":{"start":{"line":45,"column":24},"end":{"line":45,"column":37}},"30":{"start":{"line":48,"column":2},"end":{"line":48,"column":14}},"31":{"start":{"line":52,"column":2},"end":{"line":52,"column":36}},"32":{"start":{"line":52,"column":23},"end":{"line":52,"column":36}},"33":{"start":{"line":53,"column":2},"end":{"line":53,"column":69}},"34":{"start":{"line":51,"column":0},"end":{"line":51,"column":16}},"35":{"start":{"line":57,"column":16},"end":{"line":57,"column":30}},"36":{"start":{"line":58,"column":73},"end":{"line":58,"column":78}},"37":{"start":{"line":59,"column":25},"end":{"line":59,"column":44}},"38":{"start":{"line":60,"column":2},"end":{"line":60,"column":59}},"39":{"start":{"line":60,"column":46},"end":{"line":60,"column":59}},"40":{"start":{"line":62,"column":2},"end":{"line":76,"column":null}},"41":{"start":{"line":65,"column":21},"end":{"line":65,"column":22}},"42":{"start":{"line":66,"column":6},"end":{"line":70,"column":null}},"43":{"start":{"line":66,"column":19},"end":{"line":66,"column":20}},"44":{"start":{"line":67,"column":8},"end":{"line":69,"column":25}},"45":{"start":{"line":67,"column":26},"end":{"line":67,"column":51}},"46":{"start":{"line":68,"column":13},"end":{"line":69,"column":25}},"47":{"start":{"line":68,"column":36},"end":{"line":68,"column":47}},"48":{"start":{"line":69,"column":13},"end":{"line":69,"column":25}},"49":{"start":{"line":72,"column":6},"end":{"line":72,"column":39}},"50":{"start":{"line":75,"column":4},"end":{"line":75,"column":17}},"51":{"start":{"line":78,"column":2},"end":{"line":78,"column":42}},"52":{"start":{"line":78,"column":29},"end":{"line":78,"column":42}},"53":{"start":{"line":79,"column":2},"end":{"line":79,"column":56}},"54":{"start":{"line":79,"column":43},"end":{"line":79,"column":56}},"55":{"start":{"line":80,"column":2},"end":{"line":80,"column":41}},"56":{"start":{"line":80,"column":28},"end":{"line":80,"column":41}},"57":{"start":{"line":81,"column":2},"end":{"line":81,"column":45}},"58":{"start":{"line":81,"column":32},"end":{"line":81,"column":45}},"59":{"start":{"line":83,"column":2},"end":{"line":83,"column":14}},"60":{"start":{"line":56,"column":0},"end":{"line":56,"column":16}}},"fnMap":{"0":{"name":"isSquareIdx","decl":{"start":{"line":17,"column":16},"end":{"line":17,"column":27}},"loc":{"start":{"line":17,"column":41},"end":{"line":19,"column":1}}},"1":{"name":"isFiles","decl":{"start":{"line":21,"column":16},"end":{"line":21,"column":23}},"loc":{"start":{"line":21,"column":36},"end":{"line":23,"column":1}}},"2":{"name":"(anonymous_2)","decl":{"start":{"line":22,"column":22},"end":{"line":22,"column":23}},"loc":{"start":{"line":22,"column":29},"end":{"line":22,"column":39}}},"3":{"name":"isSquare","decl":{"start":{"line":25,"column":16},"end":{"line":25,"column":24}},"loc":{"start":{"line":25,"column":35},"end":{"line":33,"column":1}}},"4":{"name":"isColor","decl":{"start":{"line":35,"column":16},"end":{"line":35,"column":23}},"loc":{"start":{"line":35,"column":36},"end":{"line":37,"column":1}}},"5":{"name":"isCastleRightsStr","decl":{"start":{"line":39,"column":9},"end":{"line":39,"column":26}},"loc":{"start":{"line":39,"column":38},"end":{"line":49,"column":1}}},"6":{"name":"isPieceType","decl":{"start":{"line":51,"column":16},"end":{"line":51,"column":27}},"loc":{"start":{"line":51,"column":40},"end":{"line":54,"column":1}}},"7":{"name":"isFenStr","decl":{"start":{"line":56,"column":16},"end":{"line":56,"column":24}},"loc":{"start":{"line":56,"column":36},"end":{"line":84,"column":1}}},"8":{"name":"(anonymous_8)","decl":{"start":{"line":63,"column":24},"end":{"line":63,"column":25}},"loc":{"start":{"line":63,"column":30},"end":{"line":73,"column":5}}}},"branchMap":{"0":{"loc":{"start":{"line":18,"column":9},"end":{"line":18,"column":41}},"type":"binary-expr","locations":[{"start":{"line":18,"column":9},"end":{"line":18,"column":19}},{"start":{"line":18,"column":23},"end":{"line":18,"column":41}}]},"1":{"loc":{"start":{"line":26,"column":2},"end":{"line":26,"column":33}},"type":"if","locations":[{"start":{"line":26,"column":2},"end":{"line":26,"column":33}}]},"2":{"loc":{"start":{"line":27,"column":2},"end":{"line":27,"column":34}},"type":"if","locations":[{"start":{"line":27,"column":2},"end":{"line":27,"column":34}}]},"3":{"loc":{"start":{"line":28,"column":2},"end":{"line":28,"column":37}},"type":"if","locations":[{"start":{"line":28,"column":2},"end":{"line":28,"column":37}}]},"4":{"loc":{"start":{"line":29,"column":2},"end":{"line":29,"column":39}},"type":"if","locations":[{"start":{"line":29,"column":2},"end":{"line":29,"column":39}}]},"5":{"loc":{"start":{"line":30,"column":2},"end":{"line":30,"column":60}},"type":"if","locations":[{"start":{"line":30,"column":2},"end":{"line":30,"column":60}}]},"6":{"loc":{"start":{"line":31,"column":2},"end":{"line":31,"column":45}},"type":"if","locations":[{"start":{"line":31,"column":2},"end":{"line":31,"column":45}}]},"7":{"loc":{"start":{"line":44,"column":4},"end":{"line":44,"column":52}},"type":"if","locations":[{"start":{"line":44,"column":4},"end":{"line":44,"column":52}}]},"8":{"loc":{"start":{"line":45,"column":4},"end":{"line":45,"column":37}},"type":"if","locations":[{"start":{"line":45,"column":4},"end":{"line":45,"column":37}}]},"9":{"loc":{"start":{"line":52,"column":2},"end":{"line":52,"column":36}},"type":"if","locations":[{"start":{"line":52,"column":2},"end":{"line":52,"column":36}}]},"10":{"loc":{"start":{"line":60,"column":2},"end":{"line":60,"column":59}},"type":"if","locations":[{"start":{"line":60,"column":2},"end":{"line":60,"column":59}}]},"11":{"loc":{"start":{"line":62,"column":2},"end":{"line":76,"column":null}},"type":"if","locations":[{"start":{"line":62,"column":2},"end":{"line":76,"column":null}}]},"12":{"loc":{"start":{"line":67,"column":8},"end":{"line":69,"column":25}},"type":"if","locations":[{"start":{"line":67,"column":8},"end":{"line":69,"column":25}},{"start":{"line":68,"column":13},"end":{"line":69,"column":25}}]},"13":{"loc":{"start":{"line":68,"column":13},"end":{"line":69,"column":25}},"type":"if","locations":[{"start":{"line":68,"column":13},"end":{"line":69,"column":25}},{"start":{"line":69,"column":13},"end":{"line":69,"column":25}}]},"14":{"loc":{"start":{"line":78,"column":2},"end":{"line":78,"column":42}},"type":"if","locations":[{"start":{"line":78,"column":2},"end":{"line":78,"column":42}}]},"15":{"loc":{"start":{"line":79,"column":2},"end":{"line":79,"column":56}},"type":"if","locations":[{"start":{"line":79,"column":2},"end":{"line":79,"column":56}}]},"16":{"loc":{"start":{"line":80,"column":2},"end":{"line":80,"column":41}},"type":"if","locations":[{"start":{"line":80,"column":2},"end":{"line":80,"column":41}}]},"17":{"loc":{"start":{"line":81,"column":2},"end":{"line":81,"column":45}},"type":"if","locations":[{"start":{"line":81,"column":2},"end":{"line":81,"column":45}}]}},"s":{"0":1,"1":0,"2":1,"3":0,"4":0,"5":1,"6":8,"7":4,"8":4,"9":4,"10":0,"11":0,"12":0,"13":0,"14":0,"15":0,"16":0,"17":0,"18":0,"19":1,"20":4,"21":1,"22":4,"23":4,"24":4,"25":4,"26":16,"27":0,"28":16,"29":0,"30":4,"31":128,"32":0,"33":128,"34":1,"35":4,"36":4,"37":4,"38":4,"39":0,"40":4,"41":32,"42":32,"43":32,"44":144,"45":16,"46":128,"47":128,"48":0,"49":32,"50":0,"51":4,"52":0,"53":4,"54":0,"55":4,"56":0,"57":4,"58":0,"59":4,"60":1},"f":{"0":0,"1":0,"2":0,"3":8,"4":4,"5":4,"6":128,"7":4,"8":32},"b":{"0":[0,0],"1":[4],"2":[4],"3":[0],"4":[0],"5":[0],"6":[0],"7":[0],"8":[0],"9":[0],"10":[0],"11":[0],"12":[16,128],"13":[128,0],"14":[0],"15":[0],"16":[0],"17":[0]}}
}
