TN:
SF:src/classes/Game.ts
FN:33,(anonymous_1)
FN:62,(anonymous_2)
FN:66,(anonymous_3)
FN:93,(anonymous_4)
FN:201,(anonymous_5)
FN:51,(anonymous_6)
FN:189,(anonymous_7)
FN:284,(anonymous_8)
FNF:8
FNH:5
FNDA:4,(anonymous_1)
FNDA:26,(anonymous_2)
FNDA:26,(anonymous_3)
FNDA:26,(anonymous_4)
FNDA:0,(anonymous_5)
FNDA:24,(anonymous_6)
FNDA:0,(anonymous_7)
FNDA:0,(anonymous_8)
DA:11,1
DA:12,1
DA:13,1
DA:14,1
DA:15,1
DA:16,1
DA:24,1
DA:36,4
DA:37,0
DA:39,4
DA:41,4
DA:43,4
DA:44,4
DA:45,4
DA:46,4
DA:47,4
DA:48,4
DA:53,24
DA:54,24
DA:59,24
DA:62,4
DA:63,26
DA:64,26
DA:67,26
DA:68,26
DA:69,26
DA:70,26
DA:71,2
DA:79,24
DA:93,4
DA:98,26
DA:99,26
DA:101,26
DA:102,26
DA:103,26
DA:104,26
DA:105,26
DA:108,26
DA:115,26
DA:116,11
DA:118,26
DA:121,2
DA:127,2
DA:128,2
DA:129,1
DA:130,1
DA:133,2
DA:134,1
DA:135,1
DA:138,2
DA:139,2
DA:143,5
DA:144,5
DA:146,5
DA:148,5
DA:149,5
DA:150,5
DA:154,9
DA:156,9
DA:157,0
DA:158,0
DA:159,0
DA:162,9
DA:163,4
DA:164,5
DA:166,9
DA:167,9
DA:168,0
DA:169,0
DA:170,0
DA:173,0
DA:177,10
DA:178,10
DA:182,26
DA:183,26
DA:184,26
DA:186,26
DA:190,0
DA:198,0
DA:201,4
DA:202,0
DA:209,0
DA:210,0
DA:211,0
DA:212,0
DA:213,0
DA:214,0
DA:215,0
DA:219,0
DA:220,0
DA:221,0
DA:223,0
DA:226,0
DA:227,0
DA:228,0
DA:229,0
DA:230,0
DA:233,0
DA:234,0
DA:235,0
DA:237,0
DA:238,0
DA:240,0
DA:241,0
DA:242,0
DA:244,0
DA:245,0
DA:251,0
DA:254,0
DA:260,0
DA:267,0
DA:271,0
DA:273,0
DA:277,0
DA:278,0
DA:281,0
DA:285,0
LF:117
LH:70
BRDA:34,0,0,4
BRDA:36,1,0,0
BRDA:62,2,0,26
BRDA:63,3,0,0
BRDA:63,3,1,26
BRDA:68,4,0,0
BRDA:70,5,0,2
BRDA:70,5,1,24
BRDA:86,6,0,24
BRDA:86,6,1,20
BRDA:102,7,0,0
BRDA:103,8,0,0
BRDA:104,9,0,0
BRDA:104,9,1,26
BRDA:104,10,0,26
BRDA:104,10,1,26
BRDA:105,11,0,0
BRDA:115,12,0,15
BRDA:115,12,1,11
BRDA:115,13,0,26
BRDA:115,13,1,22
BRDA:118,14,0,2
BRDA:118,14,1,5
BRDA:118,14,2,9
BRDA:118,14,3,10
BRDA:128,15,0,1
BRDA:133,16,0,1
BRDA:138,17,0,0
BRDA:138,18,0,2
BRDA:138,18,1,1
BRDA:146,19,0,1
BRDA:146,19,1,4
BRDA:154,20,0,6
BRDA:154,20,1,3
BRDA:156,21,0,0
BRDA:162,22,0,4
BRDA:162,22,1,5
BRDA:167,23,0,9
BRDA:167,23,1,0
BRDA:168,24,0,0
BRDA:182,25,0,13
BRDA:210,26,0,0
BRDA:210,26,1,0
BRDA:210,27,0,0
BRDA:210,27,1,0
BRDA:213,28,0,0
BRDA:219,29,0,0
BRDA:223,30,0,0
BRDA:229,31,0,0
BRDA:237,32,0,0
BRDA:237,32,1,0
BRDA:240,33,0,0
BRDA:244,34,0,0
BRDA:267,35,0,0
BRDA:268,36,0,0
BRDA:268,36,1,0
BRDA:273,37,0,0
BRDA:274,38,0,0
BRDA:274,38,1,0
BRDA:45,39,0,0
BRDA:45,39,1,4
BRDA:53,40,0,0
BRF:62
BRH:31
end_of_record
TN:
SF:src/classes/Gameboard.ts
FN:23,(anonymous_0)
FN:30,(anonymous_1)
FN:41,(anonymous_2)
FN:49,(anonymous_3)
FN:55,(anonymous_4)
FN:63,(anonymous_5)
FN:102,(anonymous_6)
FN:107,(anonymous_7)
FN:135,(anonymous_8)
FN:137,(anonymous_9)
FN:70,(anonymous_10)
FN:73,(anonymous_11)
FN:76,(anonymous_12)
FN:81,(anonymous_13)
FN:92,(anonymous_14)
FN:149,(anonymous_15)
FNF:16
FNH:12
FNDA:4,(anonymous_0)
FNDA:128,(anonymous_1)
FNDA:28,(anonymous_2)
FNDA:106,(anonymous_3)
FNDA:4,(anonymous_4)
FNDA:20,(anonymous_5)
FNDA:28,(anonymous_6)
FNDA:28,(anonymous_7)
FNDA:2,(anonymous_8)
FNDA:3,(anonymous_9)
FNDA:26,(anonymous_10)
FNDA:26,(anonymous_11)
FNDA:0,(anonymous_12)
FNDA:0,(anonymous_13)
FNDA:0,(anonymous_14)
FNDA:0,(anonymous_15)
DA:1,1
DA:13,1
DA:14,1
DA:15,1
DA:17,1
DA:24,4
DA:25,4
DA:27,4
DA:30,4
DA:35,128
DA:36,88
DA:37,88
DA:38,40
DA:41,4
DA:47,28
DA:48,28
DA:49,28
DA:50,106
DA:51,28
DA:55,4
DA:60,4
DA:61,4
DA:62,4
DA:63,20
DA:66,4
DA:67,0
DA:71,26
DA:72,26
DA:74,26
DA:77,0
DA:78,0
DA:82,0
DA:83,0
DA:84,0
DA:89,0
DA:93,0
DA:94,0
DA:95,0
DA:96,0
DA:97,0
DA:102,4
DA:104,28
DA:106,28
DA:109,28
DA:111,28
DA:113,28
DA:114,28
DA:115,28
DA:116,28
DA:117,4
DA:122,28
DA:123,28
DA:125,28
DA:135,4
DA:136,2
DA:137,2
DA:138,3
DA:140,2
DA:141,2
DA:144,2
DA:150,0
DA:151,0
DA:152,0
DA:153,0
LF:64
LH:48
BRDA:35,0,0,88
BRDA:35,0,1,40
BRDA:36,1,0,0
BRDA:36,1,1,88
BRDA:36,2,0,88
BRDA:36,2,1,88
BRDA:37,3,0,0
BRDA:37,3,1,88
BRDA:37,4,0,88
BRDA:37,4,1,88
BRDA:48,5,0,28
BRDA:50,6,0,78
BRDA:61,7,0,4
BRDA:66,8,0,0
BRDA:66,9,0,0
BRDA:66,9,1,4
BRDA:66,10,0,4
BRDA:66,10,1,4
BRDA:102,11,0,24
BRDA:104,12,0,0
BRDA:104,12,1,28
BRDA:109,13,0,0
BRDA:109,13,1,28
BRDA:111,14,0,0
BRDA:114,15,0,0
BRDA:116,16,0,4
BRDA:135,17,0,2
BRDA:137,18,0,0
BRDA:137,18,1,2
BRDA:137,19,0,2
BRDA:137,19,1,2
BRDA:138,20,0,1
BRDA:138,20,1,2
BRDA:140,21,0,0
BRDA:142,22,0,1
BRDA:142,22,1,1
BRDA:145,23,0,1
BRDA:145,23,1,1
BRDA:24,24,0,4
BRDA:24,24,1,4
BRDA:25,25,0,0
BRDA:25,25,1,4
BRDA:70,26,0,0
BRDA:71,27,0,0
BRDA:71,27,1,26
BRDA:83,28,0,0
BRDA:94,29,0,0
BRDA:152,30,0,0
BRDA:152,30,1,0
BRF:49
BRH:32
end_of_record
TN:
SF:src/utils/board.ts
FN:3,createBoard
FN:6,(anonymous_1)
FN:12,init
FNF:3
FNH:2
FNDA:8,createBoard
FNDA:960,(anonymous_1)
FNDA:0,init
DA:2,1
DA:3,1
DA:4,8
DA:7,960
DA:8,448
DA:12,1
DA:13,0
DA:14,0
DA:16,0
DA:18,0
DA:21,0
DA:22,0
DA:23,0
DA:25,0
DA:30,0
DA:33,0
LF:16
LH:6
BRDA:7,0,0,512
BRF:1
BRH:1
end_of_record
TN:
SF:src/utils/constants.ts
FNF:0
FNH:0
DA:3,1
DA:5,1
DA:7,1
DA:9,1
DA:11,1
DA:13,1
DA:15,1
DA:23,1
DA:25,1
DA:36,1
DA:43,1
DA:50,1
DA:52,1
DA:57,1
LF:14
LH:14
BRF:0
BRH:0
end_of_record
TN:
SF:src/utils/fen.ts
FN:17,getActiveColor
FN:24,convertFromFen
FN:68,(anonymous_2)
FN:89,convertBoardToFen
FN:123,convertToFen
FNF:5
FNH:2
FNDA:0,getActiveColor
FNDA:4,convertFromFen
FNDA:8,(anonymous_2)
FNDA:0,convertBoardToFen
FNDA:0,convertToFen
DA:11,1
DA:12,1
DA:13,1
DA:15,1
DA:17,1
DA:18,0
DA:19,0
DA:21,0
DA:24,1
DA:32,4
DA:33,4
DA:39,4
DA:40,4
DA:41,4
DA:42,4
DA:43,144
DA:44,144
DA:46,144
DA:47,16
DA:48,128
DA:49,128
DA:51,16
DA:55,128
DA:57,128
DA:62,128
DA:63,128
DA:65,128
DA:68,4
DA:69,8
DA:70,8
DA:72,8
DA:76,8
DA:79,4
DA:89,1
DA:90,0
DA:96,0
DA:97,0
DA:98,0
DA:99,0
DA:100,0
DA:104,0
DA:106,0
DA:110,0
DA:113,0
DA:114,0
DA:117,0
DA:118,0
DA:120,0
DA:123,1
DA:124,0
DA:126,0
DA:128,0
DA:132,0
DA:134,0
DA:138,0
DA:140,0
LF:56
LH:32
BRDA:18,0,0,0
BRDA:44,1,0,0
BRDA:46,2,0,16
BRDA:57,3,0,64
BRDA:57,3,1,64
BRDA:63,4,0,128
BRDA:63,4,1,128
BRDA:69,5,0,4
BRDA:69,5,1,4
BRDA:70,6,0,4
BRDA:70,6,1,4
BRDA:84,7,0,0
BRDA:84,7,1,4
BRDA:100,8,0,0
BRDA:100,8,1,0
BRDA:104,9,0,0
BRDA:104,9,1,0
BRDA:114,10,0,0
BRDA:114,10,1,0
BRDA:118,11,0,0
BRDA:128,12,0,0
BRDA:128,12,1,0
BRDA:129,13,0,0
BRDA:129,13,1,0
BRDA:130,14,0,0
BRDA:130,14,1,0
BRDA:130,15,0,0
BRDA:130,15,1,0
BRDA:134,16,0,0
BRDA:134,16,1,0
BRF:30
BRH:10
end_of_record
TN:
SF:src/utils/getMoves.ts
FN:29,traverseAlongVector
FN:42,(anonymous_1)
FN:52,getLineMoves
FN:71,(anonymous_3)
FN:72,(anonymous_4)
FN:93,(anonymous_5)
FN:101,filterOutPinVector
FN:110,(anonymous_7)
FN:170,(anonymous_8)
FN:203,(anonymous_9)
FN:206,(anonymous_10)
FN:218,getChecks
FN:236,(anonymous_12)
FN:252,(anonymous_13)
FN:276,getSquaresControlledByPawn
FN:292,getSquaresControlledBy
FN:313,(anonymous_16)
FN:320,getLegalKingMoves
FN:349,(anonymous_18)
FN:360,(anonymous_19)
FN:363,getDirOfS1FromS2
FN:397,getSquaresAlongDir
FN:404,(anonymous_22)
FN:411,getSquaresBetweenTwoSquares
FN:419,(anonymous_24)
FN:425,isPiecePinned
FN:445,(anonymous_26)
FN:459,getLegalPieceMoves
FN:487,(anonymous_28)
FN:490,getMovesForColor
FN:522,(anonymous_30)
FNF:31
FNH:22
FNDA:393,traverseAlongVector
FNDA:195,(anonymous_1)
FNDA:57,getLineMoves
FNDA:181,(anonymous_3)
FNDA:210,(anonymous_4)
FNDA:31,(anonymous_5)
FNDA:0,filterOutPinVector
FNDA:56,(anonymous_7)
FNDA:9,(anonymous_8)
FNDA:0,(anonymous_9)
FNDA:16,(anonymous_10)
FNDA:24,getChecks
FNDA:113,(anonymous_12)
FNDA:78,(anonymous_13)
FNDA:15,getSquaresControlledByPawn
FNDA:2,getSquaresControlledBy
FNDA:108,(anonymous_16)
FNDA:2,getLegalKingMoves
FNDA:7,(anonymous_18)
FNDA:7,(anonymous_19)
FNDA:24,getDirOfS1FromS2
FNDA:0,getSquaresAlongDir
FNDA:0,(anonymous_22)
FNDA:0,getSquaresBetweenTwoSquares
FNDA:0,(anonymous_24)
FNDA:24,isPiecePinned
FNDA:18,(anonymous_26)
FNDA:24,getLegalPieceMoves
FNDA:0,(anonymous_28)
FNDA:0,getMovesForColor
FNDA:0,(anonymous_30)
DA:16,1
DA:27,1
DA:36,393
DA:37,393
DA:38,567
DA:39,419
DA:40,419
DA:42,195
DA:45,419
DA:47,224
DA:48,224
DA:69,57
DA:71,57
DA:72,181
DA:73,210
DA:74,210
DA:75,141
DA:76,69
DA:81,37
DA:82,37
DA:85,32
DA:90,57
DA:93,1
DA:102,0
DA:103,0
DA:106,31
DA:108,7
DA:110,7
DA:111,56
DA:112,56
DA:114,31
DA:115,31
DA:116,28
DA:117,31
DA:122,8
DA:134,9
DA:144,3
DA:156,4
DA:166,0
DA:170,1
DA:177,9
DA:179,9
DA:180,9
DA:182,9
DA:194,9
DA:198,9
DA:203,0
DA:207,16
DA:208,16
DA:215,9
DA:218,1
DA:223,24
DA:224,24
DA:225,192
DA:226,192
DA:227,192
DA:230,24
DA:231,96
DA:237,113
DA:238,113
DA:239,0
DA:240,0
DA:241,113
DA:246,24
DA:247,96
DA:253,78
DA:255,78
DA:266,0
DA:267,0
DA:268,78
DA:273,24
DA:281,15
DA:282,15
DA:297,2
DA:298,2
DA:299,12
DA:300,12
DA:302,29
DA:313,108
DA:317,2
DA:320,1
DA:328,2
DA:329,2
DA:331,2
DA:332,2
DA:338,2
DA:339,2
DA:344,2
DA:345,4
DA:347,4
DA:350,7
DA:351,6
DA:354,1
DA:356,3
DA:360,7
DA:367,24
DA:368,24
DA:369,24
DA:371,24
DA:373,5
DA:376,19
DA:377,12
DA:381,7
DA:384,7
DA:386,7
DA:388,3
DA:389,3
DA:390,2
DA:391,3
DA:392,3
DA:394,3
DA:403,0
DA:404,0
DA:405,0
DA:406,0
DA:408,0
DA:416,0
DA:417,0
DA:419,0
DA:421,0
DA:432,24
DA:433,24
DA:435,20
DA:436,20
DA:438,20
DA:439,20
DA:440,20
DA:446,18
DA:450,0
DA:451,0
DA:452,18
DA:456,20
DA:459,1
DA:468,24
DA:470,24
DA:471,24
DA:473,24
DA:477,24
DA:480,0
DA:486,0
DA:487,0
DA:490,1
DA:498,0
DA:499,0
DA:500,0
DA:501,0
DA:502,0
DA:504,0
DA:522,0
DA:525,0
DA:528,1
LF:151
LH:121
BRDA:38,0,0,148
BRDA:45,1,0,195
BRDA:57,2,0,20
BRDA:58,3,0,48
BRDA:59,4,0,33
BRDA:74,5,0,141
BRDA:74,5,1,69
BRDA:76,6,0,37
BRDA:76,6,1,32
BRDA:78,7,0,69
BRDA:78,7,1,69
BRDA:78,7,2,40
BRDA:78,7,3,40
BRDA:103,8,0,0
BRDA:103,8,1,0
BRDA:106,9,0,7
BRDA:106,9,1,8
BRDA:106,9,2,9
BRDA:106,9,3,3
BRDA:106,9,4,4
BRDA:106,9,5,0
BRDA:108,10,0,0
BRDA:112,11,0,25
BRDA:115,12,0,28
BRDA:115,13,0,31
BRDA:115,13,1,13
BRDA:115,13,2,3
BRDA:115,13,3,3
BRDA:126,14,0,0
BRDA:126,14,1,8
BRDA:137,15,0,0
BRDA:137,15,1,9
BRDA:147,16,0,0
BRDA:147,16,1,3
BRDA:179,17,0,9
BRDA:179,17,1,6
BRDA:179,17,2,5
BRDA:179,17,3,3
BRDA:180,18,0,6
BRDA:180,18,1,3
BRDA:186,19,0,0
BRDA:186,19,1,9
BRDA:186,20,0,9
BRDA:186,20,1,0
BRDA:190,21,0,7
BRDA:190,21,1,2
BRDA:202,22,0,0
BRDA:202,22,1,9
BRDA:203,23,0,0
BRDA:203,23,1,0
BRDA:209,24,0,16
BRDA:209,24,1,16
BRDA:209,24,2,3
BRDA:227,25,0,0
BRDA:238,26,0,0
BRDA:238,26,1,113
BRDA:238,27,0,113
BRDA:238,27,1,113
BRDA:241,28,0,65
BRDA:255,29,0,0
BRDA:255,29,1,78
BRDA:256,30,0,78
BRDA:256,30,1,78
BRDA:256,30,2,78
BRDA:256,30,3,0
BRDA:256,30,4,0
BRDA:262,31,0,0
BRDA:262,31,1,0
BRDA:268,32,0,43
BRDA:281,33,0,8
BRDA:281,33,1,7
BRDA:302,34,0,15
BRDA:302,34,1,14
BRDA:338,35,0,2
BRDA:345,36,0,0
BRDA:347,37,0,1
BRDA:350,38,0,1
BRDA:369,39,0,0
BRDA:369,40,0,24
BRDA:369,40,1,24
BRDA:371,41,0,5
BRDA:373,42,0,3
BRDA:373,42,1,2
BRDA:376,43,0,12
BRDA:377,44,0,5
BRDA:377,44,1,7
BRDA:386,45,0,4
BRDA:389,46,0,1
BRDA:389,46,1,2
BRDA:391,47,0,0
BRDA:391,47,1,3
BRDA:406,48,0,0
BRDA:406,48,1,0
BRDA:417,49,0,0
BRDA:421,50,0,0
BRDA:433,51,0,4
BRDA:436,52,0,3
BRDA:436,52,1,17
BRDA:446,53,0,0
BRDA:446,53,1,18
BRDA:447,54,0,18
BRDA:447,54,1,18
BRDA:456,55,0,0
BRDA:456,55,1,20
BRDA:468,56,0,0
BRDA:470,57,0,12
BRDA:470,57,1,12
BRDA:473,58,0,9
BRDA:473,58,1,15
BRDA:477,59,0,24
BRDA:504,60,0,0
BRDA:504,60,1,0
BRDA:519,61,0,0
BRDA:519,61,1,0
BRF:114
BRH:81
end_of_record
TN:
SF:src/utils/pieceMap.ts
FN:10,getEmptyPieceMap
FN:14,buildPieceMap
FN:15,(anonymous_2)
FN:28,pushToPieceMap
FN:39,moveInPieceMap
FN:48,(anonymous_5)
FN:55,removeFromPieceMap
FN:63,(anonymous_7)
FNF:8
FNH:1
FNDA:4,getEmptyPieceMap
FNDA:0,buildPieceMap
FNDA:0,(anonymous_2)
FNDA:0,pushToPieceMap
FNDA:0,moveInPieceMap
FNDA:0,(anonymous_5)
FNDA:0,removeFromPieceMap
FNDA:0,(anonymous_7)
DA:10,1
DA:11,4
DA:14,1
DA:15,0
DA:16,0
DA:18,0
DA:19,0
DA:20,0
DA:21,0
DA:22,0
DA:24,0
DA:28,1
DA:33,0
DA:34,0
DA:35,0
DA:36,0
DA:39,1
DA:45,0
DA:46,0
DA:47,0
DA:49,0
DA:50,0
DA:55,1
DA:60,0
DA:61,0
DA:62,0
DA:63,0
DA:66,0
DA:67,0
LF:29
LH:6
BRDA:16,0,0,0
BRDA:19,1,0,0
BRDA:19,1,1,0
BRDA:33,2,0,0
BRDA:33,2,1,0
BRDA:34,3,0,0
BRDA:34,3,1,0
BRDA:34,4,0,0
BRDA:34,4,1,0
BRDA:35,5,0,0
BRDA:35,5,1,0
BRDA:35,6,0,0
BRDA:35,6,1,0
BRDA:46,7,0,0
BRDA:49,8,0,0
BRDA:61,9,0,0
BRDA:66,10,0,0
BRDA:66,11,0,0
BRDA:66,11,1,0
BRDA:66,12,0,0
BRDA:66,12,1,0
BRF:21
BRH:0
end_of_record
TN:
SF:src/utils/square.ts
FN:4,convertSquareToIdx
FN:10,convertIdxToSquare
FNF:2
FNH:2
FNDA:53,convertSquareToIdx
FNDA:48,convertIdxToSquare
DA:2,1
DA:4,1
DA:5,53
DA:10,1
DA:11,48
DA:12,48
DA:13,48
DA:17,48
LF:8
LH:8
BRF:0
BRH:0
end_of_record
TN:
SF:src/utils/typeCheck.ts
FN:17,isSquareIdx
FN:21,isFiles
FN:22,(anonymous_2)
FN:25,isSquare
FN:35,isColor
FN:39,isCastleRightsStr
FN:51,isPieceType
FN:56,isFenStr
FN:63,(anonymous_8)
FNF:9
FNH:6
FNDA:0,isSquareIdx
FNDA:0,isFiles
FNDA:0,(anonymous_2)
FNDA:8,isSquare
FNDA:4,isColor
FNDA:4,isCastleRightsStr
FNDA:128,isPieceType
FNDA:4,isFenStr
FNDA:32,(anonymous_8)
DA:9,1
DA:17,1
DA:18,0
DA:21,1
DA:22,0
DA:25,1
DA:26,8
DA:27,4
DA:28,0
DA:29,0
DA:30,0
DA:31,0
DA:32,0
DA:35,1
DA:36,4
DA:40,4
DA:42,4
DA:43,4
DA:44,16
DA:45,16
DA:48,4
DA:51,1
DA:52,128
DA:53,128
DA:56,1
DA:57,4
DA:58,4
DA:59,4
DA:60,4
DA:62,4
DA:65,32
DA:66,32
DA:67,144
DA:68,128
DA:69,0
DA:72,32
DA:75,0
DA:78,4
DA:79,4
DA:80,4
DA:81,4
DA:83,4
LF:42
LH:33
BRDA:18,0,0,0
BRDA:18,0,1,0
BRDA:26,1,0,4
BRDA:27,2,0,4
BRDA:28,3,0,0
BRDA:29,4,0,0
BRDA:30,5,0,0
BRDA:31,6,0,0
BRDA:44,7,0,0
BRDA:45,8,0,0
BRDA:52,9,0,0
BRDA:60,10,0,0
BRDA:62,11,0,0
BRDA:67,12,0,16
BRDA:67,12,1,128
BRDA:68,13,0,128
BRDA:68,13,1,0
BRDA:78,14,0,0
BRDA:79,15,0,0
BRDA:80,16,0,0
BRDA:81,17,0,0
BRF:21
BRH:5
end_of_record
